Log file open, 10/19/21 15:01:30
LogWindows: Failed to load 'aqProf.dll' (GetLastError=126)
LogWindows: File 'aqProf.dll' does not exist
LogWindows: Failed to load 'VtuneApi.dll' (GetLastError=126)
LogWindows: File 'VtuneApi.dll' does not exist
LogWindows: Failed to load 'VtuneApi32e.dll' (GetLastError=126)
LogWindows: File 'VtuneApi32e.dll' does not exist
LogConsoleResponse: Display: Failed to find resolution value strings in scalability ini. Falling back to default.
LogInit: Display: Running engine for game: Homework
LogPakFile: Registered encryption key '00000000000000000000000000000000': 0 pak files mounted, 0 remain pending
LogPlatformFile: Not using cached read wrapper
LogTaskGraph: Started task graph with 5 named threads and 23 total threads with 3 sets of task threads.
LogStats: Stats thread started at 0.356032
LogD3D11RHI: Loaded GFSDK_Aftermath_Lib.x64.dll
LogICUInternationalization: ICU TimeZone Detection - Raw Offset: +2:00, Platform Override: ''
LogPluginManager: Mounting plugin Paper2D
LogPluginManager: Mounting plugin AISupport
LogPluginManager: Mounting plugin LightPropagationVolume
LogPluginManager: Mounting plugin ActorLayerUtilities
LogPluginManager: Mounting plugin AnimationSharing
LogPluginManager: Mounting plugin CLionSourceCodeAccess
LogPluginManager: Mounting plugin CodeLiteSourceCodeAccess
LogPluginManager: Mounting plugin GitSourceControl
LogPluginManager: Mounting plugin KDevelopSourceCodeAccess
LogPluginManager: Mounting plugin NullSourceCodeAccess
LogPluginManager: Mounting plugin PerforceSourceControl
LogPluginManager: Mounting plugin SubversionSourceControl
LogPluginManager: Mounting plugin UObjectPlugin
LogPluginManager: Mounting plugin VisualStudioCodeSourceCodeAccess
LogPluginManager: Mounting plugin VisualStudioSourceCodeAccess
LogPluginManager: Mounting plugin XCodeSourceCodeAccess
LogPluginManager: Mounting plugin AssetManagerEditor
LogPluginManager: Mounting plugin CryptoKeys
LogPluginManager: Mounting plugin DataValidation
LogPluginManager: Mounting plugin FacialAnimation
LogPluginManager: Mounting plugin GameplayTagsEditor
LogPluginManager: Mounting plugin MacGraphicsSwitching
LogPluginManager: Mounting plugin MaterialAnalyzer
LogPluginManager: Mounting plugin MobileLauncherProfileWizard
LogPluginManager: Mounting plugin PluginBrowser
LogPluginManager: Mounting plugin SpeedTreeImporter
LogPluginManager: Mounting plugin DatasmithContent
LogPluginManager: Mounting plugin VariantManagerContent
LogPluginManager: Mounting plugin AlembicImporter
LogPluginManager: Mounting plugin AppleImageUtils
LogPluginManager: Mounting plugin AppleVision
LogPluginManager: Mounting plugin BackChannel
LogPluginManager: Mounting plugin CharacterAI
LogPluginManager: Mounting plugin GeometryCache
LogPluginManager: Mounting plugin HTML5Networking
LogPluginManager: Mounting plugin ProxyLODPlugin
LogPluginManager: Mounting plugin SkeletalReduction
LogPluginManager: Mounting plugin MagicLeap
LogPluginManager: Mounting plugin MagicLeapMedia
LogPluginManager: Mounting plugin AndroidMedia
LogPluginManager: Mounting plugin AvfMedia
LogPluginManager: Mounting plugin ImgMedia
LogPluginManager: Mounting plugin LinearTimecode
LogPluginManager: Mounting plugin MediaCompositing
LogPluginManager: Mounting plugin MediaPlayerEditor
LogPluginManager: Mounting plugin WebMMedia
LogPluginManager: Mounting plugin WmfMedia
LogPluginManager: Mounting plugin TcpMessaging
LogPluginManager: Mounting plugin UdpMessaging
LogPluginManager: Mounting plugin ActorSequence
LogPluginManager: Mounting plugin LevelSequenceEditor
LogPluginManager: Mounting plugin MatineeToLevelSequence
LogPluginManager: Mounting plugin NetcodeUnitTest
LogPluginManager: Mounting plugin NUTUnrealEngine4
LogPluginManager: Mounting plugin OnlineSubsystemGooglePlay
LogPluginManager: Mounting plugin OnlineSubsystemIOS
LogPluginManager: Mounting plugin OnlineSubsystem
LogPluginManager: Mounting plugin OnlineSubsystemNull
LogPluginManager: Mounting plugin OnlineSubsystemUtils
LogPluginManager: Mounting plugin LauncherChunkInstaller
LogPluginManager: Mounting plugin AndroidDeviceProfileSelector
LogPluginManager: Mounting plugin AndroidMoviePlayer
LogPluginManager: Mounting plugin AndroidPermission
LogPluginManager: Mounting plugin AppleMoviePlayer
LogPluginManager: Mounting plugin ArchVisCharacter
LogPluginManager: Mounting plugin AudioCapture
LogPluginManager: Mounting plugin CableComponent
LogPluginManager: Mounting plugin CustomMeshComponent
LogPluginManager: Mounting plugin EditableMesh
LogPluginManager: Mounting plugin ExampleDeviceProfileSelector
LogPluginManager: Mounting plugin Firebase
LogPluginManager: Mounting plugin GoogleCloudMessaging
LogPluginManager: Mounting plugin IOSDeviceProfileSelector
LogPluginManager: Mounting plugin LinuxDeviceProfileSelector
LogPluginManager: Mounting plugin LocationServicesBPLibrary
LogPluginManager: Mounting plugin MobilePatchingUtils
LogPluginManager: Mounting plugin OculusVR
LogPluginManager: Mounting plugin PhysXVehicles
LogPluginManager: Mounting plugin ProceduralMeshComponent
LogPluginManager: Mounting plugin RuntimePhysXCooking
LogPluginManager: Mounting plugin SignificanceManager
LogPluginManager: Mounting plugin SteamVR
LogPluginManager: Mounting plugin WebMMoviePlayer
LogPluginManager: Mounting plugin WindowsMoviePlayer
LogInit: Using libcurl 7.55.1-DEV
LogInit:  - built for x86_64-pc-win32
LogInit:  - supports SSL with OpenSSL/1.1.1
LogInit:  - supports HTTP deflate (compression) using libz 1.2.8
LogInit:  - other features:
LogInit:      CURL_VERSION_SSL
LogInit:      CURL_VERSION_LIBZ
LogInit:      CURL_VERSION_IPV6
LogInit:      CURL_VERSION_ASYNCHDNS
LogInit:      CURL_VERSION_LARGEFILE
LogInit:      CURL_VERSION_IDN
LogInit:  CurlRequestOptions (configurable via config and command line):
LogInit:  - bVerifyPeer = true  - Libcurl will verify peer certificate
LogInit:  - bUseHttpProxy = false  - Libcurl will NOT use HTTP proxy
LogInit:  - bDontReuseConnections = false  - Libcurl will reuse connections
LogInit:  - MaxHostConnections = 16  - Libcurl will limit the number of connections to a host
LogInit:  - LocalHostAddr = Default
LogInit:  - BufferSize = 65536
LogInit: WinSock: version 1.1 (2.2), MaxSocks=32767, MaxUdp=65467
LogInit: Build: ++UE4+Release-4.22-CL-7053642
LogInit: Engine Version: 4.22.3-7053642+++UE4+Release-4.22
LogInit: Compatible Engine Version: 4.22.0-5660361+++UE4+Release-4.22
LogInit: Net CL: 5660361
LogInit: OS: Windows 10 (Release 2009) (), CPU: Intel(R) Core(TM) i5-10210U CPU @ 1.60GHz, GPU: Intel(R) UHD Graphics
LogInit: Compiled (64-bit): Jun 18 2019 03:09:11
LogInit: Compiled with Visual C++: 19.16.27025.01
LogInit: Build Configuration: Development
LogInit: Branch Name: ++UE4+Release-4.22
LogInit: Command Line:  -EpicPortal -epicusername=artswanted -epicuserid=7cc192edc4c245faaa231c83b0a6a2bc -epiclocale=ru -epicsandboxid=ue
LogInit: Base Directory: C:/Program Files/Epic Games/UE_4.22/Engine/Binaries/Win64/
LogInit: Installed Engine Build: 1
LogDevObjectVersion: Number of dev versions registered: 23
LogDevObjectVersion:   Dev-Blueprints (B0D832E4-1F89-4F0D-ACCF-7EB736FD4AA2): 10
LogDevObjectVersion:   Dev-Build (E1C64328-A22C-4D53-A36C-8E866417BD8C): 0
LogDevObjectVersion:   Dev-Core (375EC13C-06E4-48FB-B500-84F0262A717E): 3
LogDevObjectVersion:   Dev-Editor (E4B068ED-F494-42E9-A231-DA0B2E46BB41): 30
LogDevObjectVersion:   Dev-Framework (CFFC743F-43B0-4480-9391-14DF171D2073): 35
LogDevObjectVersion:   Dev-Mobile (B02B49B5-BB20-44E9-A304-32B752E40360): 2
LogDevObjectVersion:   Dev-Networking (A4E4105C-59A1-49B5-A7C5-40C4547EDFEE): 0
LogDevObjectVersion:   Dev-Online (39C831C9-5AE6-47DC-9A44-9C173E1C8E7C): 0
LogDevObjectVersion:   Dev-Physics (78F01B33-EBEA-4F98-B9B4-84EACCB95AA2): 0
LogDevObjectVersion:   Dev-Platform (6631380F-2D4D-43E0-8009-CF276956A95A): 0
LogDevObjectVersion:   Dev-Rendering (12F88B9F-8875-4AFC-A67C-D90C383ABD29): 28
LogDevObjectVersion:   Dev-Sequencer (7B5AE74C-D270-4C10-A958-57980B212A5A): 11
LogDevObjectVersion:   Dev-VR (D7296918-1DD6-4BDD-9DE2-64A83CC13884): 2
LogDevObjectVersion:   Dev-LoadTimes (C2A15278-BFE7-4AFE-6C17-90FF531DF755): 1
LogDevObjectVersion:   Private-Geometry (6EACA3D4-40EC-4CC1-B786-8BED09428FC5): 3
LogDevObjectVersion:   Dev-AnimPhys (29E575DD-E0A3-4627-9D10-D276232CDCEA): 17
LogDevObjectVersion:   Dev-Anim (AF43A65D-7FD3-4947-9873-3E8ED9C1BB05): 2
LogDevObjectVersion:   Dev-ReflectionCapture (6B266CEC-1EC7-4B8F-A30B-E4D90942FC07): 1
LogDevObjectVersion:   Dev-Automation (0DF73D61-A23F-47EA-B727-89E90C41499A): 1
LogDevObjectVersion:   FortniteMain (601D1886-AC64-4F84-AA16-D3DE0DEAC7D6): 25
LogDevObjectVersion:   Dev-Enterprise (9DFFBCD6-494F-0158-E221-12823C92A888): 6
LogDevObjectVersion:   Dev-Niagara (F2AED0AC-9AFE-416F-8664-AA7FFA26D6FC): 1
LogDevObjectVersion:   Dev-Destruction (174F1F0B-B4C6-45A5-B13F-2EE8D0FB917D): 2
LogInit: Presizing for max 16777216 objects, including 0 objects not considered by GC, pre-allocating 0 bytes for permanent pool.
LogInit: Object subsystem initialized
LogConfig: Setting CVar [[con.DebugEarlyDefault:1]]
LogConfig: Setting CVar [[r.setres:1280x720]]
[2021.10.19-12.01.30:335][  0]LogConfig: Setting CVar [[r.VSync:0]]
[2021.10.19-12.01.30:335][  0]LogConfig: Setting CVar [[r.RHICmdBypass:0]]
[2021.10.19-12.01.30:335][  0]LogConfig: Applying CVar settings from Section [/Script/Engine.RendererSettings] File [C:/Users/dmytr/Documents/GitHub/unreal-sh/Homework/Saved/Config/Windows/Engine.ini]
[2021.10.19-12.01.30:335][  0]LogConfig: Setting CVar [[r.GPUCrashDebugging:0]]
[2021.10.19-12.01.30:335][  0]LogConfig: Setting CVar [[r.DefaultFeature.AutoExposure.ExtendDefaultLuminanceRange:1]]
[2021.10.19-12.01.30:335][  0]LogConfig: Applying CVar settings from Section [/Script/Engine.RendererOverrideSettings] File [C:/Users/dmytr/Documents/GitHub/unreal-sh/Homework/Saved/Config/Windows/Engine.ini]
[2021.10.19-12.01.30:335][  0]LogConfig: Applying CVar settings from Section [/Script/Engine.StreamingSettings] File [C:/Users/dmytr/Documents/GitHub/unreal-sh/Homework/Saved/Config/Windows/Engine.ini]
[2021.10.19-12.01.30:335][  0]LogConfig: Setting CVar [[s.MinBulkDataSizeForAsyncLoading:131072]]
[2021.10.19-12.01.30:335][  0]LogConfig: Setting CVar [[s.AsyncLoadingThreadEnabled:0]]
[2021.10.19-12.01.30:335][  0]LogConfig: Setting CVar [[s.EventDrivenLoaderEnabled:1]]
[2021.10.19-12.01.30:335][  0]LogConfig: Setting CVar [[s.WarnIfTimeLimitExceeded:0]]
[2021.10.19-12.01.30:335][  0]LogConfig: Setting CVar [[s.TimeLimitExceededMultiplier:1.5]]
[2021.10.19-12.01.30:335][  0]LogConfig: Setting CVar [[s.TimeLimitExceededMinTime:0.005]]
[2021.10.19-12.01.30:335][  0]LogConfig: Setting CVar [[s.UseBackgroundLevelStreaming:1]]
[2021.10.19-12.01.30:335][  0]LogConfig: Setting CVar [[s.PriorityAsyncLoadingExtraTime:15.0]]
[2021.10.19-12.01.30:335][  0]LogConfig: Setting CVar [[s.LevelStreamingActorsUpdateTimeLimit:5.0]]
[2021.10.19-12.01.30:335][  0]LogConfig: Setting CVar [[s.PriorityLevelStreamingActorsUpdateExtraTime:5.0]]
[2021.10.19-12.01.30:335][  0]LogConfig: Setting CVar [[s.LevelStreamingComponentsRegistrationGranularity:10]]
[2021.10.19-12.01.30:335][  0]LogConfig: Setting CVar [[s.UnregisterComponentsTimeLimit:1.0]]
[2021.10.19-12.01.30:335][  0]LogConfig: Setting CVar [[s.LevelStreamingComponentsUnregistrationGranularity:5]]
[2021.10.19-12.01.30:335][  0]LogConfig: Applying CVar settings from Section [/Script/Engine.GarbageCollectionSettings] File [C:/Users/dmytr/Documents/GitHub/unreal-sh/Homework/Saved/Config/Windows/Engine.ini]
[2021.10.19-12.01.30:335][  0]LogConfig: Setting CVar [[gc.MaxObjectsNotConsideredByGC:1]]
[2021.10.19-12.01.30:335][  0]LogConfig: Setting CVar [[gc.SizeOfPermanentObjectPool:0]]
[2021.10.19-12.01.30:335][  0]LogConfig: Setting CVar [[gc.FlushStreamingOnGC:0]]
[2021.10.19-12.01.30:335][  0]LogConfig: Setting CVar [[gc.NumRetriesBeforeForcingGC:10]]
[2021.10.19-12.01.30:335][  0]LogConfig: Setting CVar [[gc.AllowParallelGC:1]]
[2021.10.19-12.01.30:335][  0]LogConfig: Setting CVar [[gc.TimeBetweenPurgingPendingKillObjects:61.1]]
[2021.10.19-12.01.30:335][  0]LogConfig: Setting CVar [[gc.MaxObjectsInEditor:16777216]]
[2021.10.19-12.01.30:335][  0]LogConfig: Setting CVar [[gc.IncrementalBeginDestroyEnabled:1]]
[2021.10.19-12.01.30:335][  0]LogConfig: Setting CVar [[gc.CreateGCClusters:1]]
[2021.10.19-12.01.30:335][  0]LogConfig: Setting CVar [[gc.MinGCClusterSize:5]]
[2021.10.19-12.01.30:335][  0]LogConfig: Setting CVar [[gc.ActorClusteringEnabled:0]]
[2021.10.19-12.01.30:335][  0]LogConfig: Setting CVar [[gc.BlueprintClusteringEnabled:0]]
[2021.10.19-12.01.30:335][  0]LogConfig: Setting CVar [[gc.UseDisregardForGCOnDedicatedServers:0]]
[2021.10.19-12.01.30:335][  0]LogConfig: Applying CVar settings from Section [/Script/Engine.NetworkSettings] File [C:/Users/dmytr/Documents/GitHub/unreal-sh/Homework/Saved/Config/Windows/Engine.ini]
[2021.10.19-12.01.30:335][  0]LogConfig: Applying CVar settings from Section [/Script/UnrealEd.CookerSettings] File [C:/Users/dmytr/Documents/GitHub/unreal-sh/Homework/Saved/Config/Windows/Engine.ini]
[2021.10.19-12.01.30:339][  0]LogConfig: Applying CVar settings from Section [ViewDistanceQuality@3] File [C:/Users/dmytr/Documents/GitHub/unreal-sh/Homework/Saved/Config/Windows/Scalability.ini]
[2021.10.19-12.01.30:339][  0]LogConfig: Setting CVar [[r.SkeletalMeshLODBias:0]]
[2021.10.19-12.01.30:339][  0]LogConfig: Setting CVar [[r.ViewDistanceScale:1.0]]
[2021.10.19-12.01.30:339][  0]LogConfig: Applying CVar settings from Section [AntiAliasingQuality@3] File [C:/Users/dmytr/Documents/GitHub/unreal-sh/Homework/Saved/Config/Windows/Scalability.ini]
[2021.10.19-12.01.30:339][  0]LogConfig: Setting CVar [[r.PostProcessAAQuality:4]]
[2021.10.19-12.01.30:339][  0]LogConfig: Applying CVar settings from Section [ShadowQuality@3] File [C:/Users/dmytr/Documents/GitHub/unreal-sh/Homework/Saved/Config/Windows/Scalability.ini]
[2021.10.19-12.01.30:339][  0]LogConfig: Setting CVar [[r.LightFunctionQuality:1]]
[2021.10.19-12.01.30:339][  0]LogConfig: Setting CVar [[r.ShadowQuality:5]]
[2021.10.19-12.01.30:339][  0]LogConfig: Setting CVar [[r.Shadow.CSM.MaxCascades:10]]
[2021.10.19-12.01.30:339][  0]LogConfig: Setting CVar [[r.Shadow.MaxResolution:2048]]
[2021.10.19-12.01.30:339][  0]LogConfig: Setting CVar [[r.Shadow.MaxCSMResolution:2048]]
[2021.10.19-12.01.30:339][  0]LogConfig: Setting CVar [[r.Shadow.RadiusThreshold:0.01]]
[2021.10.19-12.01.30:340][  0]LogConfig: Setting CVar [[r.Shadow.DistanceScale:1.0]]
[2021.10.19-12.01.30:340][  0]LogConfig: Setting CVar [[r.Shadow.CSM.TransitionScale:1.0]]
[2021.10.19-12.01.30:340][  0]LogConfig: Setting CVar [[r.Shadow.PreShadowResolutionFactor:1.0]]
[2021.10.19-12.01.30:340][  0]LogConfig: Setting CVar [[r.DistanceFieldShadowing:1]]
[2021.10.19-12.01.30:340][  0]LogConfig: Setting CVar [[r.DistanceFieldAO:1]]
[2021.10.19-12.01.30:340][  0]LogConfig: Setting CVar [[r.AOQuality:2]]
[2021.10.19-12.01.30:340][  0]LogConfig: Setting CVar [[r.VolumetricFog:1]]
[2021.10.19-12.01.30:340][  0]LogConfig: Setting CVar [[r.VolumetricFog.GridPixelSize:8]]
[2021.10.19-12.01.30:340][  0]LogConfig: Setting CVar [[r.VolumetricFog.GridSizeZ:128]]
[2021.10.19-12.01.30:340][  0]LogConfig: Setting CVar [[r.VolumetricFog.HistoryMissSupersampleCount:4]]
[2021.10.19-12.01.30:340][  0]LogConfig: Setting CVar [[r.LightMaxDrawDistanceScale:1]]
[2021.10.19-12.01.30:340][  0]LogConfig: Setting CVar [[r.CapsuleShadows:1]]
[2021.10.19-12.01.30:340][  0]LogConfig: Applying CVar settings from Section [PostProcessQuality@3] File [C:/Users/dmytr/Documents/GitHub/unreal-sh/Homework/Saved/Config/Windows/Scalability.ini]
[2021.10.19-12.01.30:340][  0]LogConfig: Setting CVar [[r.MotionBlurQuality:4]]
[2021.10.19-12.01.30:340][  0]LogConfig: Setting CVar [[r.AmbientOcclusionMipLevelFactor:0.4]]
[2021.10.19-12.01.30:340][  0]LogConfig: Setting CVar [[r.AmbientOcclusionMaxQuality:100]]
[2021.10.19-12.01.30:340][  0]LogConfig: Setting CVar [[r.AmbientOcclusionLevels:-1]]
[2021.10.19-12.01.30:340][  0]LogConfig: Setting CVar [[r.AmbientOcclusionRadiusScale:1.0]]
[2021.10.19-12.01.30:340][  0]LogConfig: Setting CVar [[r.DepthOfFieldQuality:2]]
[2021.10.19-12.01.30:340][  0]LogConfig: Setting CVar [[r.RenderTargetPoolMin:400]]
[2021.10.19-12.01.30:340][  0]LogConfig: Setting CVar [[r.LensFlareQuality:2]]
[2021.10.19-12.01.30:340][  0]LogConfig: Setting CVar [[r.SceneColorFringeQuality:1]]
[2021.10.19-12.01.30:340][  0]LogConfig: Setting CVar [[r.EyeAdaptationQuality:2]]
[2021.10.19-12.01.30:340][  0]LogConfig: Setting CVar [[r.BloomQuality:5]]
[2021.10.19-12.01.30:340][  0]LogConfig: Setting CVar [[r.FastBlurThreshold:100]]
[2021.10.19-12.01.30:340][  0]LogConfig: Setting CVar [[r.Upscale.Quality:3]]
[2021.10.19-12.01.30:340][  0]LogConfig: Setting CVar [[r.Tonemapper.GrainQuantization:1]]
[2021.10.19-12.01.30:340][  0]LogConfig: Setting CVar [[r.LightShaftQuality:1]]
[2021.10.19-12.01.30:340][  0]LogConfig: Setting CVar [[r.Filter.SizeScale:1]]
[2021.10.19-12.01.30:340][  0]LogConfig: Setting CVar [[r.Tonemapper.Quality:5]]
[2021.10.19-12.01.30:340][  0]LogConfig: Setting CVar [[r.DOF.Gather.AccumulatorQuality:1        ; higher gathering accumulator quality]]
[2021.10.19-12.01.30:340][  0]LogConfig: Setting CVar [[r.DOF.Gather.PostfilterMethod:1          ; Median3x3 postfilering method]]
[2021.10.19-12.01.30:340][  0]LogConfig: Setting CVar [[r.DOF.Gather.EnableBokehSettings:0       ; no bokeh simulation when gathering]]
[2021.10.19-12.01.30:340][  0]LogConfig: Setting CVar [[r.DOF.Gather.RingCount:4                 ; medium number of samples when gathering]]
[2021.10.19-12.01.30:340][  0]LogConfig: Setting CVar [[r.DOF.Scatter.ForegroundCompositing:1    ; additive foreground scattering]]
[2021.10.19-12.01.30:340][  0]LogConfig: Setting CVar [[r.DOF.Scatter.BackgroundCompositing:2    ; additive background scattering]]
[2021.10.19-12.01.30:340][  0]LogConfig: Setting CVar [[r.DOF.Scatter.EnableBokehSettings:1      ; bokeh simulation when scattering]]
[2021.10.19-12.01.30:340][  0]LogConfig: Setting CVar [[r.DOF.Scatter.MaxSpriteRatio:0.1         ; only a maximum of 10% of scattered bokeh]]
[2021.10.19-12.01.30:340][  0]LogConfig: Setting CVar [[r.DOF.Recombine.Quality:1                ; cheap slight out of focus]]
[2021.10.19-12.01.30:340][  0]LogConfig: Setting CVar [[r.DOF.Recombine.EnableBokehSettings:0    ; no bokeh simulation on slight out of focus]]
[2021.10.19-12.01.30:340][  0]LogConfig: Setting CVar [[r.DOF.TemporalAAQuality:1                ; more stable temporal accumulation]]
[2021.10.19-12.01.30:340][  0]LogConfig: Setting CVar [[r.DOF.Kernel.MaxForegroundRadius:0.025]]
[2021.10.19-12.01.30:340][  0]LogConfig: Setting CVar [[r.DOF.Kernel.MaxBackgroundRadius:0.025]]
[2021.10.19-12.01.30:340][  0]LogConfig: Applying CVar settings from Section [TextureQuality@3] File [C:/Users/dmytr/Documents/GitHub/unreal-sh/Homework/Saved/Config/Windows/Scalability.ini]
[2021.10.19-12.01.30:340][  0]LogConfig: Setting CVar [[r.Streaming.MipBias:0]]
[2021.10.19-12.01.30:340][  0]LogConfig: Setting CVar [[r.Streaming.AmortizeCPUToGPUCopy:0]]
[2021.10.19-12.01.30:341][  0]LogConfig: Setting CVar [[r.Streaming.MaxNumTexturesToStreamPerFrame:0]]
[2021.10.19-12.01.30:341][  0]LogConfig: Setting CVar [[r.Streaming.Boost:1]]
[2021.10.19-12.01.30:341][  0]LogConfig: Setting CVar [[r.MaxAnisotropy:8]]
[2021.10.19-12.01.30:341][  0]LogConfig: Setting CVar [[r.Streaming.LimitPoolSizeToVRAM:0]]
[2021.10.19-12.01.30:341][  0]LogConfig: Setting CVar [[r.Streaming.PoolSize:1000]]
[2021.10.19-12.01.30:341][  0]LogConfig: Setting CVar [[r.Streaming.MaxEffectiveScreenSize:0]]
[2021.10.19-12.01.30:341][  0]LogConfig: Applying CVar settings from Section [EffectsQuality@3] File [C:/Users/dmytr/Documents/GitHub/unreal-sh/Homework/Saved/Config/Windows/Scalability.ini]
[2021.10.19-12.01.30:341][  0]LogConfig: Setting CVar [[r.TranslucencyLightingVolumeDim:64]]
[2021.10.19-12.01.30:341][  0]LogConfig: Setting CVar [[r.RefractionQuality:2]]
[2021.10.19-12.01.30:341][  0]LogConfig: Setting CVar [[r.SSR.Quality:3]]
[2021.10.19-12.01.30:341][  0]LogConfig: Setting CVar [[r.SceneColorFormat:4]]
[2021.10.19-12.01.30:341][  0]LogConfig: Setting CVar [[r.DetailMode:2]]
[2021.10.19-12.01.30:341][  0]LogConfig: Setting CVar [[r.TranslucencyVolumeBlur:1]]
[2021.10.19-12.01.30:341][  0]LogConfig: Setting CVar [[r.MaterialQualityLevel:1 ; High quality]]
[2021.10.19-12.01.30:341][  0]LogConfig: Setting CVar [[r.SSS.Scale:1]]
[2021.10.19-12.01.30:341][  0]LogConfig: Setting CVar [[r.SSS.SampleSet:2]]
[2021.10.19-12.01.30:341][  0]LogConfig: Setting CVar [[r.SSS.Quality:1]]
[2021.10.19-12.01.30:341][  0]LogConfig: Setting CVar [[r.SSS.HalfRes:1]]
[2021.10.19-12.01.30:341][  0]LogConfig: Setting CVar [[r.EmitterSpawnRateScale:1.0]]
[2021.10.19-12.01.30:341][  0]LogConfig: Setting CVar [[r.ParticleLightQuality:2]]
[2021.10.19-12.01.30:341][  0]LogConfig: Applying CVar settings from Section [FoliageQuality@3] File [C:/Users/dmytr/Documents/GitHub/unreal-sh/Homework/Saved/Config/Windows/Scalability.ini]
[2021.10.19-12.01.30:341][  0]LogConfig: Setting CVar [[foliage.DensityScale:1.0]]
[2021.10.19-12.01.30:341][  0]LogConfig: Setting CVar [[grass.DensityScale:1.0]]
[2021.10.19-12.01.30:341][  0]LogInit: Selected Device Profile: [Windows]
[2021.10.19-12.01.30:341][  0]LogInit: Applying CVar settings loaded from the selected device profile: [Windows]
[2021.10.19-12.01.30:357][  0]LogHAL: Display: Platform has ~ 8 GB [8356536320 / 8589934592 / 8], which maps to Default [LargestMinGB=32, LargerMinGB=12, DefaultMinGB=8, SmallerMinGB=6, SmallestMinGB=0)
[2021.10.19-12.01.30:357][  0]LogConfig: Setting CVar [[r.Vulkan.UseRealUBs:0		; Required until we fix HLR fall-out]]
[2021.10.19-12.01.30:357][  0]LogInit: Going up to parent DeviceProfile []
[2021.10.19-12.01.30:357][  0]LogConfig: Applying CVar settings from Section [ViewDistanceQuality@3] File [C:/Users/dmytr/Documents/GitHub/unreal-sh/Homework/Saved/Config/Windows/Scalability.ini]
[2021.10.19-12.01.30:357][  0]LogConfig: Setting CVar [[r.SkeletalMeshLODBias:0]]
[2021.10.19-12.01.30:357][  0]LogConfig: Setting CVar [[r.ViewDistanceScale:1.0]]
[2021.10.19-12.01.30:357][  0]LogConfig: Applying CVar settings from Section [AntiAliasingQuality@3] File [C:/Users/dmytr/Documents/GitHub/unreal-sh/Homework/Saved/Config/Windows/Scalability.ini]
[2021.10.19-12.01.30:357][  0]LogConfig: Setting CVar [[r.PostProcessAAQuality:4]]
[2021.10.19-12.01.30:357][  0]LogConfig: Applying CVar settings from Section [ShadowQuality@3] File [C:/Users/dmytr/Documents/GitHub/unreal-sh/Homework/Saved/Config/Windows/Scalability.ini]
[2021.10.19-12.01.30:357][  0]LogConfig: Setting CVar [[r.LightFunctionQuality:1]]
[2021.10.19-12.01.30:358][  0]LogConfig: Setting CVar [[r.ShadowQuality:5]]
[2021.10.19-12.01.30:358][  0]LogConfig: Setting CVar [[r.Shadow.CSM.MaxCascades:10]]
[2021.10.19-12.01.30:358][  0]LogConfig: Setting CVar [[r.Shadow.MaxResolution:2048]]
[2021.10.19-12.01.30:358][  0]LogConfig: Setting CVar [[r.Shadow.MaxCSMResolution:2048]]
[2021.10.19-12.01.30:358][  0]LogConfig: Setting CVar [[r.Shadow.RadiusThreshold:0.01]]
[2021.10.19-12.01.30:358][  0]LogConfig: Setting CVar [[r.Shadow.DistanceScale:1.0]]
[2021.10.19-12.01.30:358][  0]LogConfig: Setting CVar [[r.Shadow.CSM.TransitionScale:1.0]]
[2021.10.19-12.01.30:358][  0]LogConfig: Setting CVar [[r.Shadow.PreShadowResolutionFactor:1.0]]
[2021.10.19-12.01.30:358][  0]LogConfig: Setting CVar [[r.DistanceFieldShadowing:1]]
[2021.10.19-12.01.30:358][  0]LogConfig: Setting CVar [[r.DistanceFieldAO:1]]
[2021.10.19-12.01.30:358][  0]LogConfig: Setting CVar [[r.AOQuality:2]]
[2021.10.19-12.01.30:358][  0]LogConfig: Setting CVar [[r.VolumetricFog:1]]
[2021.10.19-12.01.30:358][  0]LogConfig: Setting CVar [[r.VolumetricFog.GridPixelSize:8]]
[2021.10.19-12.01.30:358][  0]LogConfig: Setting CVar [[r.VolumetricFog.GridSizeZ:128]]
[2021.10.19-12.01.30:358][  0]LogConfig: Setting CVar [[r.VolumetricFog.HistoryMissSupersampleCount:4]]
[2021.10.19-12.01.30:358][  0]LogConfig: Setting CVar [[r.LightMaxDrawDistanceScale:1]]
[2021.10.19-12.01.30:358][  0]LogConfig: Setting CVar [[r.CapsuleShadows:1]]
[2021.10.19-12.01.30:358][  0]LogConfig: Applying CVar settings from Section [PostProcessQuality@3] File [C:/Users/dmytr/Documents/GitHub/unreal-sh/Homework/Saved/Config/Windows/Scalability.ini]
[2021.10.19-12.01.30:358][  0]LogConfig: Setting CVar [[r.MotionBlurQuality:4]]
[2021.10.19-12.01.30:358][  0]LogConfig: Setting CVar [[r.AmbientOcclusionMipLevelFactor:0.4]]
[2021.10.19-12.01.30:358][  0]LogConfig: Setting CVar [[r.AmbientOcclusionMaxQuality:100]]
[2021.10.19-12.01.30:358][  0]LogConfig: Setting CVar [[r.AmbientOcclusionLevels:-1]]
[2021.10.19-12.01.30:359][  0]LogConfig: Setting CVar [[r.AmbientOcclusionRadiusScale:1.0]]
[2021.10.19-12.01.30:359][  0]LogConfig: Setting CVar [[r.DepthOfFieldQuality:2]]
[2021.10.19-12.01.30:359][  0]LogConfig: Setting CVar [[r.RenderTargetPoolMin:400]]
[2021.10.19-12.01.30:359][  0]LogConfig: Setting CVar [[r.LensFlareQuality:2]]
[2021.10.19-12.01.30:359][  0]LogConfig: Setting CVar [[r.SceneColorFringeQuality:1]]
[2021.10.19-12.01.30:359][  0]LogConfig: Setting CVar [[r.EyeAdaptationQuality:2]]
[2021.10.19-12.01.30:359][  0]LogConfig: Setting CVar [[r.BloomQuality:5]]
[2021.10.19-12.01.30:359][  0]LogConfig: Setting CVar [[r.FastBlurThreshold:100]]
[2021.10.19-12.01.30:359][  0]LogConfig: Setting CVar [[r.Upscale.Quality:3]]
[2021.10.19-12.01.30:359][  0]LogConfig: Setting CVar [[r.Tonemapper.GrainQuantization:1]]
[2021.10.19-12.01.30:359][  0]LogConfig: Setting CVar [[r.LightShaftQuality:1]]
[2021.10.19-12.01.30:359][  0]LogConfig: Setting CVar [[r.Filter.SizeScale:1]]
[2021.10.19-12.01.30:359][  0]LogConfig: Setting CVar [[r.Tonemapper.Quality:5]]
[2021.10.19-12.01.30:359][  0]LogConfig: Setting CVar [[r.DOF.Gather.AccumulatorQuality:1        ; higher gathering accumulator quality]]
[2021.10.19-12.01.30:359][  0]LogConfig: Setting CVar [[r.DOF.Gather.PostfilterMethod:1          ; Median3x3 postfilering method]]
[2021.10.19-12.01.30:359][  0]LogConfig: Setting CVar [[r.DOF.Gather.EnableBokehSettings:0       ; no bokeh simulation when gathering]]
[2021.10.19-12.01.30:359][  0]LogConfig: Setting CVar [[r.DOF.Gather.RingCount:4                 ; medium number of samples when gathering]]
[2021.10.19-12.01.30:359][  0]LogConfig: Setting CVar [[r.DOF.Scatter.ForegroundCompositing:1    ; additive foreground scattering]]
[2021.10.19-12.01.30:359][  0]LogConfig: Setting CVar [[r.DOF.Scatter.BackgroundCompositing:2    ; additive background scattering]]
[2021.10.19-12.01.30:359][  0]LogConfig: Setting CVar [[r.DOF.Scatter.EnableBokehSettings:1      ; bokeh simulation when scattering]]
[2021.10.19-12.01.30:359][  0]LogConfig: Setting CVar [[r.DOF.Scatter.MaxSpriteRatio:0.1         ; only a maximum of 10% of scattered bokeh]]
[2021.10.19-12.01.30:359][  0]LogConfig: Setting CVar [[r.DOF.Recombine.Quality:1                ; cheap slight out of focus]]
[2021.10.19-12.01.30:359][  0]LogConfig: Setting CVar [[r.DOF.Recombine.EnableBokehSettings:0    ; no bokeh simulation on slight out of focus]]
[2021.10.19-12.01.30:359][  0]LogConfig: Setting CVar [[r.DOF.TemporalAAQuality:1                ; more stable temporal accumulation]]
[2021.10.19-12.01.30:359][  0]LogConfig: Setting CVar [[r.DOF.Kernel.MaxForegroundRadius:0.025]]
[2021.10.19-12.01.30:359][  0]LogConfig: Setting CVar [[r.DOF.Kernel.MaxBackgroundRadius:0.025]]
[2021.10.19-12.01.30:359][  0]LogConfig: Applying CVar settings from Section [TextureQuality@3] File [C:/Users/dmytr/Documents/GitHub/unreal-sh/Homework/Saved/Config/Windows/Scalability.ini]
[2021.10.19-12.01.30:359][  0]LogConfig: Setting CVar [[r.Streaming.MipBias:0]]
[2021.10.19-12.01.30:359][  0]LogConfig: Setting CVar [[r.Streaming.AmortizeCPUToGPUCopy:0]]
[2021.10.19-12.01.30:359][  0]LogConfig: Setting CVar [[r.Streaming.MaxNumTexturesToStreamPerFrame:0]]
[2021.10.19-12.01.30:359][  0]LogConfig: Setting CVar [[r.Streaming.Boost:1]]
[2021.10.19-12.01.30:359][  0]LogConfig: Setting CVar [[r.MaxAnisotropy:8]]
[2021.10.19-12.01.30:359][  0]LogConfig: Setting CVar [[r.Streaming.LimitPoolSizeToVRAM:0]]
[2021.10.19-12.01.30:359][  0]LogConfig: Setting CVar [[r.Streaming.PoolSize:1000]]
[2021.10.19-12.01.30:359][  0]LogConfig: Setting CVar [[r.Streaming.MaxEffectiveScreenSize:0]]
[2021.10.19-12.01.30:359][  0]LogConfig: Applying CVar settings from Section [EffectsQuality@3] File [C:/Users/dmytr/Documents/GitHub/unreal-sh/Homework/Saved/Config/Windows/Scalability.ini]
[2021.10.19-12.01.30:359][  0]LogConfig: Setting CVar [[r.TranslucencyLightingVolumeDim:64]]
[2021.10.19-12.01.30:359][  0]LogConfig: Setting CVar [[r.RefractionQuality:2]]
[2021.10.19-12.01.30:359][  0]LogConfig: Setting CVar [[r.SSR.Quality:3]]
[2021.10.19-12.01.30:359][  0]LogConfig: Setting CVar [[r.SceneColorFormat:4]]
[2021.10.19-12.01.30:359][  0]LogConfig: Setting CVar [[r.DetailMode:2]]
[2021.10.19-12.01.30:359][  0]LogConfig: Setting CVar [[r.TranslucencyVolumeBlur:1]]
[2021.10.19-12.01.30:359][  0]LogConfig: Setting CVar [[r.MaterialQualityLevel:1 ; High quality]]
[2021.10.19-12.01.30:359][  0]LogConfig: Setting CVar [[r.SSS.Scale:1]]
[2021.10.19-12.01.30:359][  0]LogConfig: Setting CVar [[r.SSS.SampleSet:2]]
[2021.10.19-12.01.30:359][  0]LogConfig: Setting CVar [[r.SSS.Quality:1]]
[2021.10.19-12.01.30:359][  0]LogConfig: Setting CVar [[r.SSS.HalfRes:1]]
[2021.10.19-12.01.30:359][  0]LogConfig: Setting CVar [[r.EmitterSpawnRateScale:1.0]]
[2021.10.19-12.01.30:359][  0]LogConfig: Setting CVar [[r.ParticleLightQuality:2]]
[2021.10.19-12.01.30:359][  0]LogConfig: Applying CVar settings from Section [FoliageQuality@3] File [C:/Users/dmytr/Documents/GitHub/unreal-sh/Homework/Saved/Config/Windows/Scalability.ini]
[2021.10.19-12.01.30:359][  0]LogConfig: Setting CVar [[foliage.DensityScale:1.0]]
[2021.10.19-12.01.30:359][  0]LogConfig: Setting CVar [[grass.DensityScale:1.0]]
[2021.10.19-12.01.30:359][  0]LogConfig: Applying CVar settings from Section [Startup] File [../../../Engine/Config/ConsoleVariables.ini]
[2021.10.19-12.01.30:359][  0]LogConfig: Setting CVar [[net.UseAdaptiveNetUpdateFrequency:0]]
[2021.10.19-12.01.30:359][  0]LogConfig: Setting CVar [[p.chaos.AllowCreatePhysxBodies:1]]
[2021.10.19-12.01.30:359][  0]LogConfig: Applying CVar settings from Section [ConsoleVariables] File [C:/Users/dmytr/Documents/GitHub/unreal-sh/Homework/Saved/Config/Windows/Engine.ini]
[2021.10.19-12.01.30:359][  0]LogInit: Computer: NOSF
[2021.10.19-12.01.30:359][  0]LogInit: User: dmytr
[2021.10.19-12.01.30:359][  0]LogInit: CPU Page size=4096, Cores=4
[2021.10.19-12.01.30:359][  0]LogInit: High frequency timer resolution =10.000000 MHz
[2021.10.19-12.01.30:360][  0]LogMemory: Memory total: Physical=7.8GB (8GB approx)
[2021.10.19-12.01.30:360][  0]LogMemory: Platform Memory Stats for Windows
[2021.10.19-12.01.30:360][  0]LogMemory: Process Physical Memory: 97.60 MB used, 97.60 MB peak
[2021.10.19-12.01.30:360][  0]LogMemory: Process Virtual Memory: 90.68 MB used, 90.68 MB peak
[2021.10.19-12.01.30:360][  0]LogMemory: Physical Memory: 5298.61 MB used,  2670.80 MB free, 7969.41 MB total
[2021.10.19-12.01.30:360][  0]LogMemory: Virtual Memory: 4635.82 MB used,  134213096.00 MB free, 134217728.00 MB total
[2021.10.19-12.01.30:405][  0]LogInit: Using OS detected language (ru-RU).
[2021.10.19-12.01.30:405][  0]LogInit: Using OS detected locale (ru-UA).
[2021.10.19-12.01.30:406][  0]LogTextLocalizationManager: No specific localization for 'ru-RU' exists, so the 'ru' localization will be used.
[2021.10.19-12.01.30:406][  0]LogTextLocalizationResource: LocRes '../../../Engine/Content/Localization/Editor/ru/Editor.locres' could not be opened for reading!
[2021.10.19-12.01.30:406][  0]LogTextLocalizationResource: LocRes '../../../Engine/Content/Localization/EditorTutorials/ru/EditorTutorials.locres' could not be opened for reading!
[2021.10.19-12.01.30:406][  0]LogTextLocalizationResource: LocRes '../../../Engine/Content/Localization/Keywords/ru/Keywords.locres' could not be opened for reading!
[2021.10.19-12.01.30:406][  0]LogTextLocalizationResource: LocRes '../../../Engine/Content/Localization/Category/ru/Category.locres' could not be opened for reading!
[2021.10.19-12.01.30:406][  0]LogTextLocalizationResource: LocRes '../../../Engine/Content/Localization/ToolTips/ru/ToolTips.locres' could not be opened for reading!
[2021.10.19-12.01.30:406][  0]LogTextLocalizationResource: LocRes '../../../Engine/Content/Localization/PropertyNames/ru/PropertyNames.locres' could not be opened for reading!
[2021.10.19-12.01.30:406][  0]LogTextLocalizationResource: LocRes '../../../Engine/Content/Localization/Engine/ru/Engine.locres' could not be opened for reading!
[2021.10.19-12.01.30:407][  0]LogInit: Setting process to per monitor DPI aware
[2021.10.19-12.01.30:435][  0]LogSlate: New Slate User Created.  User Index 0, Is Virtual User: 0
[2021.10.19-12.01.30:435][  0]LogSlate: Slate User Registered.  User Index 0, Is Virtual User: 0
[2021.10.19-12.01.30:593][  0]LogHMD: Failed to initialize OpenVR with code 110
[2021.10.19-12.01.30:593][  0]LogD3D11RHI: D3D11 adapters:
[2021.10.19-12.01.30:668][  0]LogD3D11RHI:    0. 'NVIDIA GeForce MX250' (Feature Level 11_0)
[2021.10.19-12.01.30:668][  0]LogD3D11RHI:       1983/0/3984 MB DedicatedVideo/DedicatedSystem/SharedSystem, Outputs:1, VendorId:0x10de
[2021.10.19-12.01.30:690][  0]LogD3D11RHI:    1. 'Intel(R) UHD Graphics' (Feature Level 11_0)
[2021.10.19-12.01.30:690][  0]LogD3D11RHI:       128/0/3984 MB DedicatedVideo/DedicatedSystem/SharedSystem, Outputs:0, VendorId:0x8086
[2021.10.19-12.01.30:692][  0]LogD3D11RHI:    2. 'Microsoft Basic Render Driver' (Feature Level 11_0)
[2021.10.19-12.01.30:692][  0]LogD3D11RHI:       0/0/3984 MB DedicatedVideo/DedicatedSystem/SharedSystem, Outputs:0, VendorId:0x1414
[2021.10.19-12.01.30:692][  0]LogD3D11RHI: Chosen D3D11 Adapter: 0
[2021.10.19-12.01.30:697][  0]LogD3D11RHI: Creating new Direct3DDevice
[2021.10.19-12.01.30:698][  0]LogD3D11RHI:     GPU DeviceId: 0x1d52 (for the marketing name, search the web for "GPU Device Id")
[2021.10.19-12.01.30:698][  0]LogWindows: EnumDisplayDevices:
[2021.10.19-12.01.30:698][  0]LogWindows:    0. 'Intel(R) UHD Graphics' (P:1 D:1)
[2021.10.19-12.01.30:699][  0]LogWindows:    1. 'Intel(R) UHD Graphics' (P:0 D:0)
[2021.10.19-12.01.30:699][  0]LogWindows:    2. 'Intel(R) UHD Graphics' (P:0 D:0)
[2021.10.19-12.01.30:699][  0]LogWindows: DebugString: PrimaryIsNotTheChoosenAdapter PrimaryIsNotTheChoosenAdapter PrimaryIsNotTheChoosenAdapter FoundDriverCount:0 
[2021.10.19-12.01.30:699][  0]LogD3D11RHI:     Adapter Name: NVIDIA GeForce MX250
[2021.10.19-12.01.30:699][  0]LogD3D11RHI:   Driver Version: Unknown (internal:Unknown, unified:Unknown)
[2021.10.19-12.01.30:699][  0]LogD3D11RHI:      Driver Date: Unknown
[2021.10.19-12.01.30:699][  0]LogRHI: Texture pool is 1388 MB (70% of 1983 MB)
[2021.10.19-12.01.30:747][  0]LogD3D11RHI: Async texture creation enabled
[2021.10.19-12.01.30:750][  0]LogRendererCore: FGlobalReadBuffer::InitRHI
[2021.10.19-12.01.30:750][  0]LogRendererCore: FGlobalReadBuffer::InitRHI
[2021.10.19-12.01.30:750][  0]LogRendererCore: FGlobalReadBuffer::InitRHI
[2021.10.19-12.01.30:758][  0]LogD3D11RHI: GPU Timing Frequency: 1000.000000 (Debug: 2 1)
[2021.10.19-12.01.31:020][  0]LogTemp: Display: Module 'AllDesktopTargetPlatform' loaded TargetPlatform 'AllDesktop'
[2021.10.19-12.01.31:033][  0]LogTemp: Display: Module 'MacClientTargetPlatform' loaded TargetPlatform 'MacClient'
[2021.10.19-12.01.31:045][  0]LogTemp: Display: Module 'MacNoEditorTargetPlatform' loaded TargetPlatform 'MacNoEditor'
[2021.10.19-12.01.31:057][  0]LogTemp: Display: Module 'MacServerTargetPlatform' loaded TargetPlatform 'MacServer'
[2021.10.19-12.01.31:070][  0]LogTemp: Display: Module 'MacTargetPlatform' loaded TargetPlatform 'Mac'
[2021.10.19-12.01.31:083][  0]LogTemp: Display: Module 'WindowsClientTargetPlatform' loaded TargetPlatform 'WindowsClient'
[2021.10.19-12.01.31:097][  0]LogTemp: Display: Module 'WindowsNoEditorTargetPlatform' loaded TargetPlatform 'WindowsNoEditor'
[2021.10.19-12.01.31:109][  0]LogTemp: Display: Module 'WindowsServerTargetPlatform' loaded TargetPlatform 'WindowsServer'
[2021.10.19-12.01.31:116][  0]LogTemp: Display: Module 'WindowsTargetPlatform' loaded TargetPlatform 'Windows'
[2021.10.19-12.01.31:185][  0]LogTemp: Display: Module 'AndroidTargetPlatform' loaded TargetPlatform 'Android'
[2021.10.19-12.01.31:185][  0]LogTemp: Display: Module 'AndroidTargetPlatform' loaded TargetPlatform 'Android_ASTC'
[2021.10.19-12.01.31:185][  0]LogTemp: Display: Module 'AndroidTargetPlatform' loaded TargetPlatform 'Android_ATC'
[2021.10.19-12.01.31:185][  0]LogTemp: Display: Module 'AndroidTargetPlatform' loaded TargetPlatform 'Android_DXT'
[2021.10.19-12.01.31:185][  0]LogTemp: Display: Module 'AndroidTargetPlatform' loaded TargetPlatform 'Android_ETC1'
[2021.10.19-12.01.31:185][  0]LogTemp: Display: Module 'AndroidTargetPlatform' loaded TargetPlatform 'Android_ETC1a'
[2021.10.19-12.01.31:185][  0]LogTemp: Display: Module 'AndroidTargetPlatform' loaded TargetPlatform 'Android_ETC2'
[2021.10.19-12.01.31:185][  0]LogTemp: Display: Module 'AndroidTargetPlatform' loaded TargetPlatform 'Android_PVRTC'
[2021.10.19-12.01.31:185][  0]LogTemp: Display: Module 'AndroidTargetPlatform' loaded TargetPlatform 'AndroidClient'
[2021.10.19-12.01.31:185][  0]LogTemp: Display: Module 'AndroidTargetPlatform' loaded TargetPlatform 'Android_ASTCClient'
[2021.10.19-12.01.31:185][  0]LogTemp: Display: Module 'AndroidTargetPlatform' loaded TargetPlatform 'Android_ATCClient'
[2021.10.19-12.01.31:185][  0]LogTemp: Display: Module 'AndroidTargetPlatform' loaded TargetPlatform 'Android_DXTClient'
[2021.10.19-12.01.31:185][  0]LogTemp: Display: Module 'AndroidTargetPlatform' loaded TargetPlatform 'Android_ETC1Client'
[2021.10.19-12.01.31:185][  0]LogTemp: Display: Module 'AndroidTargetPlatform' loaded TargetPlatform 'Android_ETC1aClient'
[2021.10.19-12.01.31:185][  0]LogTemp: Display: Module 'AndroidTargetPlatform' loaded TargetPlatform 'Android_ETC2Client'
[2021.10.19-12.01.31:185][  0]LogTemp: Display: Module 'AndroidTargetPlatform' loaded TargetPlatform 'Android_PVRTCClient'
[2021.10.19-12.01.31:185][  0]LogTemp: Display: Module 'AndroidTargetPlatform' loaded TargetPlatform 'Android_Multi'
[2021.10.19-12.01.31:185][  0]LogTemp: Display: Module 'AndroidTargetPlatform' loaded TargetPlatform 'Android_MultiClient'
[2021.10.19-12.01.31:187][  0]LogTemp: Display: Module 'HTML5TargetPlatform' loaded TargetPlatform 'HTML5'
[2021.10.19-12.01.31:237][  0]LogTemp: Display: Module 'IOSTargetPlatform' loaded TargetPlatform 'IOSClient'
[2021.10.19-12.01.31:237][  0]LogTemp: Display: Module 'IOSTargetPlatform' loaded TargetPlatform 'IOS'
[2021.10.19-12.01.31:259][  0]LogTemp: Display: Module 'TVOSTargetPlatform' loaded TargetPlatform 'TVOSClient'
[2021.10.19-12.01.31:259][  0]LogTemp: Display: Module 'TVOSTargetPlatform' loaded TargetPlatform 'TVOS'
[2021.10.19-12.01.31:270][  0]LogTemp: Display: Module 'LinuxClientTargetPlatform' loaded TargetPlatform 'LinuxClient'
[2021.10.19-12.01.31:282][  0]LogTemp: Display: Module 'LinuxNoEditorTargetPlatform' loaded TargetPlatform 'LinuxNoEditor'
[2021.10.19-12.01.31:293][  0]LogTemp: Display: Module 'LinuxServerTargetPlatform' loaded TargetPlatform 'LinuxServer'
[2021.10.19-12.01.31:305][  0]LogTemp: Display: Module 'LinuxTargetPlatform' loaded TargetPlatform 'Linux'
[2021.10.19-12.01.31:346][  0]LogTemp: Display: Module 'LuminTargetPlatform' loaded TargetPlatform 'Lumin'
[2021.10.19-12.01.31:346][  0]LogTemp: Display: Module 'LuminTargetPlatform' loaded TargetPlatform 'LuminClient'
[2021.10.19-12.01.31:346][  0]LogTargetPlatformManager: Display: Building Assets For Windows
[2021.10.19-12.01.31:355][  0]LogAudioDebug: Display: Lib vorbis DLL was dynamically loaded.
[2021.10.19-12.01.31:408][  0]LogShaderCompilers: Guid format shader working directory is -19 characters bigger than the processId version (../../../../../../Users/dmytr/Documents/GitHub/unreal-sh/Homework/Intermediate/Shaders/WorkingDirectory/8492/).
[2021.10.19-12.01.31:408][  0]LogShaderCompilers: Cleaned the shader compiler working directory 'C:/Users/dmytr/AppData/Local/Temp/UnrealShaderWorkingDir/AA9D22EF4A601C08A15346B280A0C4E4/'.
[2021.10.19-12.01.31:421][  0]LogShaderCompilers: Display: Using XGE Shader Compiler (Interception Interface).
[2021.10.19-12.01.31:921][  0]LogDerivedDataCache: Display: Max Cache Size: 512 MB
[2021.10.19-12.01.31:962][  0]LogDerivedDataCache: Loaded boot cache 0.04s 71MB C:/Users/dmytr/AppData/Local/UnrealEngine/4.22/DerivedDataCache/Boot.ddc.
[2021.10.19-12.01.31:962][  0]LogDerivedDataCache: Display: Loaded Boot cache: C:/Users/dmytr/AppData/Local/UnrealEngine/4.22/DerivedDataCache/Boot.ddc
[2021.10.19-12.01.31:962][  0]LogDerivedDataCache: FDerivedDataBackendGraph:  Pak pak cache file ../../../../../../Users/dmytr/Documents/GitHub/unreal-sh/Homework/DerivedDataCache/DDC.ddp not found, will not use a pak cache.
[2021.10.19-12.01.31:962][  0]LogDerivedDataCache: Unable to find inner node Pak for hierarchical cache Hierarchy.
[2021.10.19-12.01.31:962][  0]LogDerivedDataCache: FDerivedDataBackendGraph:  CompressedPak pak cache file ../../../../../../Users/dmytr/Documents/GitHub/unreal-sh/Homework/DerivedDataCache/Compressed.ddp not found, will not use a pak cache.
[2021.10.19-12.01.31:962][  0]LogDerivedDataCache: Unable to find inner node CompressedPak for hierarchical cache Hierarchy.
[2021.10.19-12.01.31:973][  0]LogDerivedDataCache: Display: Pak cache opened for reading ../../../Engine/DerivedDataCache/Compressed.ddp.
[2021.10.19-12.01.31:973][  0]LogDerivedDataCache: FDerivedDataBackendGraph:  EnterprisePak pak cache file ../../../Enterprise/DerivedDataCache/Compressed.ddp not found, will not use a pak cache.
[2021.10.19-12.01.31:973][  0]LogDerivedDataCache: Unable to find inner node EnterprisePak for hierarchical cache Hierarchy.
[2021.10.19-12.01.31:988][  0]LogDerivedDataCache: Using Local data cache path C:/Users/dmytr/AppData/Local/UnrealEngine/Common/DerivedDataCache: Writable
[2021.10.19-12.01.31:988][  0]LogDerivedDataCache: Shared data cache path not found in *engine.ini, will not use an Shared cache.
[2021.10.19-12.01.31:988][  0]LogDerivedDataCache: Unable to find inner node Shared for hierarchical cache Hierarchy.
[2021.10.19-12.01.32:006][  0]LogMaterial: Verifying Global Shaders for PCD3D_SM5
[2021.10.19-12.01.32:007][  0]LogSlate: Using FreeType 2.6.0
[2021.10.19-12.01.32:008][  0]LogSlate: SlateFontServices - WITH_FREETYPE: 1, WITH_HARFBUZZ: 1
[2021.10.19-12.01.32:092][  0]LogAssetRegistry: FAssetRegistry took 0.0333 seconds to start up
[2021.10.19-12.01.32:392][  0]LogInit: Selected Device Profile: [Windows]
[2021.10.19-12.01.32:516][  0]LogMeshReduction: Using QuadricMeshReduction for automatic static mesh reduction
[2021.10.19-12.01.32:516][  0]LogMeshReduction: Using SimplygonMeshReduction for automatic skeletal mesh reduction
[2021.10.19-12.01.32:516][  0]LogMeshReduction: Using ProxyLODMeshReduction for automatic mesh merging
[2021.10.19-12.01.32:516][  0]LogMeshReduction: No distributed automatic mesh merging module available
[2021.10.19-12.01.32:516][  0]LogMeshMerging: No distributed automatic mesh merging module available
[2021.10.19-12.01.32:526][  0]LogNetVersion: Homework 1.0.0, NetCL: 5660361, EngineNetVer: 10, GameNetVer: 0 (Checksum: 3113578218)
[2021.10.19-12.01.32:905][  0]LogPackageLocalizationCache: Processed 10 localized package path(s) for 1 prioritized culture(s) in 0.055601 seconds
[2021.10.19-12.01.32:913][  0]LogUObjectArray: 42205 objects as part of root set at end of initial load.
[2021.10.19-12.01.32:913][  0]LogUObjectAllocator: 7325032 out of 0 bytes used by permanent object pool.
[2021.10.19-12.01.32:913][  0]LogUObjectArray: CloseDisregardForGC: 0/0 objects in disregard for GC pool
[2021.10.19-12.01.33:715][  0]LogTcpMessaging: Initializing TcpMessaging bridge
[2021.10.19-12.01.33:729][  0]LogUdpMessaging: Initializing bridge on interface 0.0.0.0:0 to multicast group 230.0.0.1:6666.
[2021.10.19-12.01.33:857][  0]SourceControl: Source control is disabled
[2021.10.19-12.01.33:857][  0]SourceControl: Source control is disabled
[2021.10.19-12.01.33:859][  0]SourceControl: Source control is disabled
[2021.10.19-12.01.33:861][  0]SourceControl: Source control is disabled
[2021.10.19-12.01.33:949][  0]LogAndroidPermission: UAndroidPermissionCallbackProxy::GetInstance
[2021.10.19-12.01.34:012][  0]LogOcInput: OculusInput pre-init called
[2021.10.19-12.01.34:681][  0]LogEngine: Initializing Engine...
[2021.10.19-12.01.34:681][  0]LogHMD: Failed to initialize OpenVR with code 110
[2021.10.19-12.01.34:682][  0]LogStats: UGameplayTagsManager::InitializeManager -  0.000 s
[2021.10.19-12.01.34:870][  0]LogInit: Initializing FReadOnlyCVARCache
[2021.10.19-12.01.34:881][  0]LogAIModule: Creating AISystem for world Untitled
[2021.10.19-12.01.34:894][  0]LogInit: XAudio2 using 'Динамики (Realtek(R) Audio)' : 2 channels at 48 kHz using 32 bits per sample (channel mask 0x3)
[2021.10.19-12.01.34:952][  0]LogInit: FAudioDevice initialized.
[2021.10.19-12.01.34:952][  0]LogNetVersion: Set ProjectVersion to 1.0.0.0. Version Checksum will be recalculated on next use.
[2021.10.19-12.01.35:017][  0]LogDerivedDataCache: Saved boot cache 0.07s 71MB C:/Users/dmytr/AppData/Local/UnrealEngine/4.22/DerivedDataCache/Boot.ddc.
[2021.10.19-12.01.35:022][  0]LogInit: Texture streaming: Enabled
[2021.10.19-12.01.35:041][  0]LogEngineSessionManager: EngineSessionManager initialized
[2021.10.19-12.01.35:059][  0]LogInit: Transaction tracking system initialized
[2021.10.19-12.01.35:080][  0]BlueprintLog: New page: Editor Load
[2021.10.19-12.01.35:162][  0]LocalizationService: Localization service is disabled
[2021.10.19-12.01.35:438][  0]LogFileCache: Scanning file cache for directory 'C:/Users/dmytr/Documents/GitHub/unreal-sh/Homework/Content/' took 0.01s
[2021.10.19-12.01.35:438][  0]LogCook: Display: Max memory allowance for cook 16384mb min free memory 0mb
[2021.10.19-12.01.35:439][  0]LogCook: Display: Mobile HDR setting 1
[2021.10.19-12.01.35:609][  0]SourceControl: Source control is disabled
[2021.10.19-12.01.35:609][  0]Cmd: MAP LOAD FILE="../../../../../../Users/dmytr/Documents/GitHub/unreal-sh/Homework/Content/StarterContent/Maps/Minimal_Default.umap" TEMPLATE=0 SHOWPROGRESS=1 FEATURELEVEL=3
[2021.10.19-12.01.35:609][  0]LightingResults: New page: Lighting Build
[2021.10.19-12.01.35:611][  0]MapCheck: New page: Map Check
[2021.10.19-12.01.35:611][  0]LightingResults: New page: Lighting Build
[2021.10.19-12.01.35:634][  0]LogUObjectHash: Compacting FUObjectHashTables data took   1.56ms
[2021.10.19-12.01.35:727][  0]LogStaticMesh: Building static mesh Floor_400x400...
[2021.10.19-12.01.35:730][  0]LogStaticMesh: Built static mesh [0.00s] /Game/StarterContent/Architecture/Floor_400x400.Floor_400x400
[2021.10.19-12.01.35:785][  0]LogAIModule: Creating AISystem for world Minimal_Default
[2021.10.19-12.01.35:790][  0]LogEditorServer: Finished looking for orphan Actors (0.000 secs)
[2021.10.19-12.01.35:813][  0]LogUObjectHash: Compacting FUObjectHashTables data took   1.79ms
[2021.10.19-12.01.35:813][  0]Cmd: MAP CHECKDEP NOCLEARLOG
[2021.10.19-12.01.35:813][  0]MapCheck: Map check complete: 0 Error(s), 0 Warning(s), took 0,144ms to complete.
[2021.10.19-12.01.35:814][  0]LogFileHelpers: Loading map 'Minimal_Default' took 0.204
[2021.10.19-12.01.35:905][  0]LogSlate: Updating window title bar state: overlay mode, drag disabled, window buttons hidden, title bar hidden
[2021.10.19-12.01.35:911][  0]LogSlate: Updating window title bar state: overlay mode, drag disabled, window buttons hidden, title bar hidden
[2021.10.19-12.01.35:918][  0]LogSlate: Updating window title bar state: overlay mode, drag disabled, window buttons hidden, title bar hidden
[2021.10.19-12.01.35:924][  0]LogSlate: Updating window title bar state: overlay mode, drag disabled, window buttons hidden, title bar hidden
[2021.10.19-12.01.35:931][  0]LogCollectionManager: Loaded 0 collections in 0.001518 seconds
[2021.10.19-12.01.35:973][  0]LogFileCache: Scanning file cache for directory 'C:/Users/dmytr/Documents/GitHub/unreal-sh/Homework/Saved/Collections/' took 0.01s
[2021.10.19-12.01.35:973][  0]LogFileCache: Scanning file cache for directory 'C:/Users/dmytr/Documents/GitHub/unreal-sh/Homework/Content/Developers/dmytr/Collections/' took 0.01s
[2021.10.19-12.01.35:973][  0]LogFileCache: Scanning file cache for directory 'C:/Users/dmytr/Documents/GitHub/unreal-sh/Homework/Content/Collections/' took 0.01s
[2021.10.19-12.01.35:973][  0]LogCollectionManager: Rebuilt the GUID cache for 0 collections in 0.000001 seconds
[2021.10.19-12.01.35:982][  0]LogContentBrowser: Native class hierarchy populated in 0.0082 seconds. Added 2732 classes and 659 folders.
[2021.10.19-12.01.35:992][  0]LogContentBrowser: Native class hierarchy updated for 'WidgetCarousel' in 0.0003 seconds. Added 0 classes and 0 folders.
[2021.10.19-12.01.35:999][  0]LogPakFile: Registered encryption key '00000000000000000000000000000000': 0 pak files mounted, 0 remain pending
[2021.10.19-12.01.36:003][  0]LogPakFile: Registered encryption key '00000000000000000000000000000000': 0 pak files mounted, 0 remain pending
[2021.10.19-12.01.36:005][  0]LogPakFile: Registered encryption key '00000000000000000000000000000000': 0 pak files mounted, 0 remain pending
[2021.10.19-12.01.36:009][  0]LogPakFile: Registered encryption key '00000000000000000000000000000000': 0 pak files mounted, 0 remain pending
[2021.10.19-12.01.36:012][  0]LogPakFile: Registered encryption key '00000000000000000000000000000000': 0 pak files mounted, 0 remain pending
[2021.10.19-12.01.36:015][  0]LogPakFile: Registered encryption key '00000000000000000000000000000000': 0 pak files mounted, 0 remain pending
[2021.10.19-12.01.36:019][  0]LogPakFile: Registered encryption key '00000000000000000000000000000000': 0 pak files mounted, 0 remain pending
[2021.10.19-12.01.36:022][  0]LogPakFile: Registered encryption key '00000000000000000000000000000000': 0 pak files mounted, 0 remain pending
[2021.10.19-12.01.36:024][  0]LogPakFile: Registered encryption key '00000000000000000000000000000000': 0 pak files mounted, 0 remain pending
[2021.10.19-12.01.36:026][  0]LogPakFile: Registered encryption key '00000000000000000000000000000000': 0 pak files mounted, 0 remain pending
[2021.10.19-12.01.36:027][  0]LogPakFile: Registered encryption key '00000000000000000000000000000000': 0 pak files mounted, 0 remain pending
[2021.10.19-12.01.36:029][  0]LogPakFile: Registered encryption key '00000000000000000000000000000000': 0 pak files mounted, 0 remain pending
[2021.10.19-12.01.36:031][  0]LogPakFile: Registered encryption key '00000000000000000000000000000000': 0 pak files mounted, 0 remain pending
[2021.10.19-12.01.36:033][  0]LogPakFile: Registered encryption key '00000000000000000000000000000000': 0 pak files mounted, 0 remain pending
[2021.10.19-12.01.36:034][  0]LogPakFile: Registered encryption key '00000000000000000000000000000000': 0 pak files mounted, 0 remain pending
[2021.10.19-12.01.36:035][  0]LogPakFile: Registered encryption key '00000000000000000000000000000000': 0 pak files mounted, 0 remain pending
[2021.10.19-12.01.36:037][  0]LogPakFile: Registered encryption key '00000000000000000000000000000000': 0 pak files mounted, 0 remain pending
[2021.10.19-12.01.36:038][  0]LogPakFile: Registered encryption key '00000000000000000000000000000000': 0 pak files mounted, 0 remain pending
[2021.10.19-12.01.36:039][  0]LogPakFile: Registered encryption key '00000000000000000000000000000000': 0 pak files mounted, 0 remain pending
[2021.10.19-12.01.36:042][  0]LogPakFile: Registered encryption key '00000000000000000000000000000000': 0 pak files mounted, 0 remain pending
[2021.10.19-12.01.36:043][  0]LogPakFile: Registered encryption key '00000000000000000000000000000000': 0 pak files mounted, 0 remain pending
[2021.10.19-12.01.36:045][  0]LogPakFile: Registered encryption key '00000000000000000000000000000000': 0 pak files mounted, 0 remain pending
[2021.10.19-12.01.36:047][  0]LogPakFile: Registered encryption key '00000000000000000000000000000000': 0 pak files mounted, 0 remain pending
[2021.10.19-12.01.36:049][  0]LogPakFile: Registered encryption key '00000000000000000000000000000000': 0 pak files mounted, 0 remain pending
[2021.10.19-12.01.36:051][  0]LogPakFile: Registered encryption key '00000000000000000000000000000000': 0 pak files mounted, 0 remain pending
[2021.10.19-12.01.36:053][  0]LogPakFile: Registered encryption key '00000000000000000000000000000000': 0 pak files mounted, 0 remain pending
[2021.10.19-12.01.36:131][  0]LogContentBrowser: Native class hierarchy updated for 'AddContentDialog' in 0.0003 seconds. Added 0 classes and 0 folders.
[2021.10.19-12.01.36:139][  0]LogContentBrowser: Native class hierarchy updated for 'SceneOutliner' in 0.0003 seconds. Added 1 classes and 2 folders.
[2021.10.19-12.01.36:154][  0]LogSlate: Took 0.000229 seconds to synchronously load lazily loaded font '../../../Engine/Content/Slate/Fonts/Roboto-Regular.ttf' (155K)
[2021.10.19-12.01.36:156][  0]LogSlate: Took 0.000171 seconds to synchronously load lazily loaded font '../../../Engine/Content/Slate/Fonts/Roboto-Bold.ttf' (160K)
[2021.10.19-12.01.36:167][  0]LogSlate: Took 0.002813 seconds to synchronously load lazily loaded font '../../../Engine/Content/Editor/Slate/Fonts/FontAwesome.ttf' (139K)
[2021.10.19-12.01.36:220][  0]LogRenderer: Reallocating scene render targets to support 804x288 Format 10 NumSamples 1 (Frame:1).
[2021.10.19-12.01.36:328][  0]LogSlate: FSceneViewport::OnFocusLost() reason 2
[2021.10.19-12.01.36:346][  0]LogSlate: Window 'Tutorials' being destroyed
[2021.10.19-12.01.36:377][  0]LogContentBrowser: Native class hierarchy updated for 'HierarchicalLODOutliner' in 0.0003 seconds. Added 0 classes and 0 folders.
[2021.10.19-12.01.36:377][  0]LogLoad: (Engine Initialization) Total time: 7.53 seconds
[2021.10.19-12.01.36:377][  0]LogLoad: (Engine Initialization) Total Blueprint compile time: 0.00 seconds
[2021.10.19-12.01.36:415][  0]LogAssetRegistry: Asset discovery search completed in 4.3461 seconds
[2021.10.19-12.01.36:417][  0]LogCollectionManager: Rebuilt the object cache for 0 collections in 0.000000 seconds (found 0 objects)
[2021.10.19-12.01.36:417][  0]LogCollectionManager: Fixed up redirectors for 0 collections in 0.000042 seconds (updated 0 objects)
[2021.10.19-12.01.36:419][  0]LogContentStreaming: Texture pool size now 1000 MB
[2021.10.19-12.01.36:567][  0]LogSlate: Took 0.000782 seconds to synchronously load lazily loaded font '../../../Engine/Content/Slate/Fonts/Roboto-Light.ttf' (167K)
[2021.10.19-12.01.39:188][  9]LogSlate: FSceneViewport::OnFocusLost() reason 0
[2021.10.19-12.01.39:411][  9]LogSlate: Took 0.000122 seconds to synchronously load lazily loaded font '../../../Engine/Content/Slate/Fonts/Roboto-Light.ttf' (167K)
[2021.10.19-12.01.39:419][  9]LogAssetEditorManager: Opening Asset editor for Blueprint /Game/BP_Solo_Cube.BP_Solo_Cube
[2021.10.19-12.01.39:714][  9]LogContentBrowser: Native class hierarchy updated for 'BlueprintGraph' in 0.0006 seconds. Added 121 classes and 0 folders.
[2021.10.19-12.01.52:350][347]LogSlate: Window 'BP_Solo_Cube' being destroyed
[2021.10.19-12.02.09:605][399]LogSlate: Window 'BP_Solo_Cube' being destroyed
[2021.10.19-12.02.09:686][399]LogAssetEditorManager: Opening Asset editor for Blueprint /Game/BP_Solo_Cube.BP_Solo_Cube
[2021.10.19-12.02.09:991][399]LogSlate: Took 0.000935 seconds to synchronously load lazily loaded font '../../../Engine/Content/Slate/Fonts/Roboto-BoldCondensed.ttf' (158K)
[2021.10.19-12.02.12:760][709]LogSlate: Window 'BP_Solo_Cube' being destroyed
[2021.10.19-12.02.14:186][876]LogRenderer: Reallocating scene render targets to support 804x532 Format 10 NumSamples 1 (Frame:1).
[2021.10.19-12.02.19:769][520]LogSlate: Took 0.000775 seconds to synchronously load lazily loaded font '../../../Engine/Content/Slate/Fonts/Roboto-Italic.ttf' (157K)
[2021.10.19-12.02.30:960][844]LogSlate: FSceneViewport::OnFocusLost() reason 0
[2021.10.19-12.02.45:278][549]LogSlate: FSceneViewport::OnFocusLost() reason 0
[2021.10.19-12.03.04:292][812]LogSlate: FSceneViewport::OnFocusLost() reason 0
[2021.10.19-12.03.47:295][932]BlueprintLog: New page: Compile BP_Solo_Cube
[2021.10.19-12.03.47:506][932]LogUObjectHash: Compacting FUObjectHashTables data took   3.91ms
[2021.10.19-12.03.58:599][221]LogSlate: FSceneViewport::OnFocusLost() reason 2
[2021.10.19-12.04.02:227][629]LogBlueprintUserMessages: Early PlayInEditor Detection: Level '/Game/StarterContent/Maps/Minimal_Default.Minimal_Default:PersistentLevel' has LevelScriptBlueprint '/Game/StarterContent/Maps/Minimal_Default.Minimal_Default:PersistentLevel.Minimal_Default' with GeneratedClass '/Game/StarterContent/Maps/Minimal_Default.Minimal_Default_C' with ClassGeneratedBy '/Game/StarterContent/Maps/Minimal_Default.Minimal_Default:PersistentLevel.Minimal_Default'
[2021.10.19-12.04.02:229][629]LogPlayLevel: PlayLevel: No blueprints needed recompiling
[2021.10.19-12.04.02:229][629]PIE: New page: SIE session: Minimal_Default (19 окт. 2021, 18:04:02)
[2021.10.19-12.04.02:244][629]LogPlayLevel: Creating play world package: /Game/StarterContent/Maps/UEDPIE_0_Minimal_Default
[2021.10.19-12.04.02:249][629]LogPlayLevel: PIE: StaticDuplicateObject took: (0.004930s)
[2021.10.19-12.04.02:250][629]LogAIModule: Creating AISystem for world Minimal_Default
[2021.10.19-12.04.02:251][629]LogPlayLevel: PIE: World Init took: (0.001397s)
[2021.10.19-12.04.02:251][629]LogPlayLevel: PIE: Created PIE world by copying editor world from /Game/StarterContent/Maps/Minimal_Default.Minimal_Default to /Game/StarterContent/Maps/UEDPIE_0_Minimal_Default.Minimal_Default (0.006792s)
[2021.10.19-12.04.02:289][629]LogUObjectHash: Compacting FUObjectHashTables data took   3.21ms
[2021.10.19-12.04.02:295][629]LogInit: XAudio2 using 'Динамики (Realtek(R) Audio)' : 2 channels at 48 kHz using 32 bits per sample (channel mask 0x3)
[2021.10.19-12.04.02:367][629]LogInit: FAudioDevice initialized.
[2021.10.19-12.04.02:410][629]LogLoad: Game class is 'GameModeBase'
[2021.10.19-12.04.02:412][629]LogWorld: Bringing World /Game/StarterContent/Maps/UEDPIE_0_Minimal_Default.Minimal_Default up for play (max tick rate 0) at 2021.10.19-15.04.02
[2021.10.19-12.04.02:413][629]LogWorld: Bringing up level for play took: 0.001542
[2021.10.19-12.04.02:430][629]LogGameMode: FindPlayerStart: PATHS NOT DEFINED or NO PLAYERSTART with positive rating
[2021.10.19-12.04.02:441][629]LogBlueprintActionDatabase: Requesting refresh due to module change: Voice (loaded)
[2021.10.19-12.04.02:449][629]LogBlueprintActionDatabase: Requesting refresh due to module change: MovieSceneCapture (loaded)
[2021.10.19-12.04.02:449][629]LogContentBrowser: Native class hierarchy updated for 'MovieSceneCapture' in 0.0004 seconds. Added 20 classes and 0 folders.
[2021.10.19-12.04.02:454][629]PIE: Play in editor start time for /Game/StarterContent/Maps/UEDPIE_0_Minimal_Default -0,638
[2021.10.19-12.04.02:470][629]LogBlueprintUserMessages: Late PlayInEditor Detection: Level '/Game/StarterContent/Maps/Minimal_Default.Minimal_Default:PersistentLevel' has LevelScriptBlueprint '/Game/StarterContent/Maps/Minimal_Default.Minimal_Default:PersistentLevel.Minimal_Default' with GeneratedClass '/Game/StarterContent/Maps/Minimal_Default.Minimal_Default_C' with ClassGeneratedBy '/Game/StarterContent/Maps/Minimal_Default.Minimal_Default:PersistentLevel.Minimal_Default'
[2021.10.19-12.04.05:727][955]LogEditorViewport: Clicking on Actor (LMB): BP_Solo_Cube_C (BP_Solo_Cube)
[2021.10.19-12.04.11:634][579]LogSlate: FSceneViewport::OnFocusLost() reason 0
[2021.10.19-12.04.11:738][591]LogBlueprintUserMessages: Early EndPlayMap Detection: Level '/Game/StarterContent/Maps/Minimal_Default.Minimal_Default:PersistentLevel' has LevelScriptBlueprint '/Game/StarterContent/Maps/Minimal_Default.Minimal_Default:PersistentLevel.Minimal_Default' with GeneratedClass '/Game/StarterContent/Maps/Minimal_Default.Minimal_Default_C' with ClassGeneratedBy '/Game/StarterContent/Maps/Minimal_Default.Minimal_Default:PersistentLevel.Minimal_Default'
[2021.10.19-12.04.11:740][591]LogSlate: Updating window title bar state: overlay mode, drag disabled, window buttons hidden, title bar hidden
[2021.10.19-12.04.11:772][591]LogPlayLevel: Display: Shutting down PIE online subsystems
[2021.10.19-12.04.11:772][591]LogBlueprintUserMessages: Late EndPlayMap Detection: Level '/Game/StarterContent/Maps/Minimal_Default.Minimal_Default:PersistentLevel' has LevelScriptBlueprint '/Game/StarterContent/Maps/Minimal_Default.Minimal_Default:PersistentLevel.Minimal_Default' with GeneratedClass '/Game/StarterContent/Maps/Minimal_Default.Minimal_Default_C' with ClassGeneratedBy '/Game/StarterContent/Maps/Minimal_Default.Minimal_Default:PersistentLevel.Minimal_Default'
[2021.10.19-12.04.11:821][591]LogSlate: Updating window title bar state: overlay mode, drag disabled, window buttons hidden, title bar hidden
[2021.10.19-12.04.11:870][591]LogUObjectHash: Compacting FUObjectHashTables data took   6.43ms
[2021.10.19-12.04.11:886][592]LogPlayLevel: Display: Destroying online subsystem :Context_6
[2021.10.19-12.04.16:651][ 14]LogSlate: Window 'Pick Parent Class' being destroyed
[2021.10.19-12.04.35:733][110]LogAssetEditorManager: Opening Asset editor for Blueprint /Game/BP_Double_Cube.BP_Double_Cube
[2021.10.19-12.04.38:700][338]LogSlate: Window 'BP_Double_Cube' being destroyed
[2021.10.19-12.04.48:409][467]LogSlate: FSceneViewport::OnFocusLost() reason 2
[2021.10.19-12.04.49:545][591]LogSlate: FSceneViewport::OnFocusLost() reason 2
[2021.10.19-12.04.54:821][208]LogSlate: FSceneViewport::OnFocusLost() reason 0
[2021.10.19-12.05.06:146][487]LogSlate: FSceneViewport::OnFocusLost() reason 0
[2021.10.19-12.05.53:264][732]BlueprintLog: New page: Compile BP_Double_Cube
[2021.10.19-12.05.53:690][732]LogUObjectHash: Compacting FUObjectHashTables data took   7.65ms
[2021.10.19-12.05.56:723][ 54]Cmd: OBJ SAVEPACKAGE PACKAGE="/Game/BP_Double_Cube" FILE="../../../../../../Users/dmytr/Documents/GitHub/unreal-sh/Homework/Content/BP_Double_Cube.uasset" SILENT=true
[2021.10.19-12.05.56:761][ 54]LogSavePackage: Moving '../../../../../../Users/dmytr/Documents/GitHub/unreal-sh/Homework/Saved/BP_Double_Cube99B2B4D4451824ED3576128BAF5D16D8.tmp' to '../../../../../../Users/dmytr/Documents/GitHub/unreal-sh/Homework/Content/BP_Double_Cube.uasset'
[2021.10.19-12.06.13:586][499]LogSlate: FSceneViewport::OnFocusLost() reason 2
[2021.10.19-12.06.14:525][578]LogBlueprintUserMessages: Early PlayInEditor Detection: Level '/Game/StarterContent/Maps/Minimal_Default.Minimal_Default:PersistentLevel' has LevelScriptBlueprint '/Game/StarterContent/Maps/Minimal_Default.Minimal_Default:PersistentLevel.Minimal_Default' with GeneratedClass '/Game/StarterContent/Maps/Minimal_Default.Minimal_Default_C' with ClassGeneratedBy '/Game/StarterContent/Maps/Minimal_Default.Minimal_Default:PersistentLevel.Minimal_Default'
[2021.10.19-12.06.14:525][578]LogPlayLevel: PlayLevel: No blueprints needed recompiling
[2021.10.19-12.06.14:525][578]PIE: New page: SIE session: Minimal_Default (19 окт. 2021, 18:06:14)
[2021.10.19-12.06.14:526][578]LogPlayLevel: Creating play world package: /Game/StarterContent/Maps/UEDPIE_0_Minimal_Default
[2021.10.19-12.06.14:532][578]LogPlayLevel: PIE: StaticDuplicateObject took: (0.006781s)
[2021.10.19-12.06.14:533][578]LogAIModule: Creating AISystem for world Minimal_Default
[2021.10.19-12.06.14:534][578]LogPlayLevel: PIE: World Init took: (0.001141s)
[2021.10.19-12.06.14:534][578]LogPlayLevel: PIE: Created PIE world by copying editor world from /Game/StarterContent/Maps/Minimal_Default.Minimal_Default to /Game/StarterContent/Maps/UEDPIE_0_Minimal_Default.Minimal_Default (0.008207s)
[2021.10.19-12.06.14:606][578]LogUObjectHash: Compacting FUObjectHashTables data took   5.50ms
[2021.10.19-12.06.14:611][578]LogInit: XAudio2 using 'Динамики (Realtek(R) Audio)' : 2 channels at 48 kHz using 32 bits per sample (channel mask 0x3)
[2021.10.19-12.06.14:723][578]LogInit: FAudioDevice initialized.
[2021.10.19-12.06.14:723][578]LogSlate: FSceneViewport::OnFocusLost() reason 2
[2021.10.19-12.06.14:756][578]LogLoad: Game class is 'GameModeBase'
[2021.10.19-12.06.14:758][578]LogWorld: Bringing World /Game/StarterContent/Maps/UEDPIE_0_Minimal_Default.Minimal_Default up for play (max tick rate 0) at 2021.10.19-15.06.14
[2021.10.19-12.06.14:759][578]LogWorld: Bringing up level for play took: 0.001704
[2021.10.19-12.06.14:772][578]LogGameMode: FindPlayerStart: PATHS NOT DEFINED or NO PLAYERSTART with positive rating
[2021.10.19-12.06.14:773][578]PIE: Play in editor start time for /Game/StarterContent/Maps/UEDPIE_0_Minimal_Default -0,319
[2021.10.19-12.06.14:787][578]LogBlueprintUserMessages: Late PlayInEditor Detection: Level '/Game/StarterContent/Maps/Minimal_Default.Minimal_Default:PersistentLevel' has LevelScriptBlueprint '/Game/StarterContent/Maps/Minimal_Default.Minimal_Default:PersistentLevel.Minimal_Default' with GeneratedClass '/Game/StarterContent/Maps/Minimal_Default.Minimal_Default_C' with ClassGeneratedBy '/Game/StarterContent/Maps/Minimal_Default.Minimal_Default:PersistentLevel.Minimal_Default'
[2021.10.19-12.06.20:742][151]LogBlueprintUserMessages: Early EndPlayMap Detection: Level '/Game/StarterContent/Maps/Minimal_Default.Minimal_Default:PersistentLevel' has LevelScriptBlueprint '/Game/StarterContent/Maps/Minimal_Default.Minimal_Default:PersistentLevel.Minimal_Default' with GeneratedClass '/Game/StarterContent/Maps/Minimal_Default.Minimal_Default_C' with ClassGeneratedBy '/Game/StarterContent/Maps/Minimal_Default.Minimal_Default:PersistentLevel.Minimal_Default'
[2021.10.19-12.06.20:743][151]LogSlate: Updating window title bar state: overlay mode, drag disabled, window buttons hidden, title bar hidden
[2021.10.19-12.06.20:776][151]LogPlayLevel: Display: Shutting down PIE online subsystems
[2021.10.19-12.06.20:776][151]LogBlueprintUserMessages: Late EndPlayMap Detection: Level '/Game/StarterContent/Maps/Minimal_Default.Minimal_Default:PersistentLevel' has LevelScriptBlueprint '/Game/StarterContent/Maps/Minimal_Default.Minimal_Default:PersistentLevel.Minimal_Default' with GeneratedClass '/Game/StarterContent/Maps/Minimal_Default.Minimal_Default_C' with ClassGeneratedBy '/Game/StarterContent/Maps/Minimal_Default.Minimal_Default:PersistentLevel.Minimal_Default'
[2021.10.19-12.06.20:841][151]LogSlate: Updating window title bar state: overlay mode, drag disabled, window buttons hidden, title bar hidden
[2021.10.19-12.06.20:850][151]LogUObjectHash: Compacting FUObjectHashTables data took   4.86ms
[2021.10.19-12.06.20:868][152]LogPlayLevel: Display: Destroying online subsystem :Context_9
[2021.10.19-12.06.25:291][426]LogSlate: Window 'Pick Parent Class' being destroyed
[2021.10.19-12.06.38:436][826]LogAssetEditorManager: Opening Asset editor for Blueprint /Game/BP_Cube_Sphere.BP_Cube_Sphere
[2021.10.19-12.06.40:609][907]LogSlate: Window 'BP_Cube_Sphere' being destroyed
[2021.10.19-12.06.46:160][202]LogSlate: FSceneViewport::OnFocusLost() reason 2
[2021.10.19-12.06.56:547][196]LogSlate: FSceneViewport::OnFocusLost() reason 2
[2021.10.19-12.07.01:478][670]LogSlate: FSceneViewport::OnFocusLost() reason 2
[2021.10.19-12.07.09:282][423]LogSlate: FSceneViewport::OnFocusLost() reason 2
[2021.10.19-12.07.19:497][426]LogSlate: FSceneViewport::OnFocusLost() reason 0
[2021.10.19-12.07.53:747][762]LogSlate: FSceneViewport::OnFocusLost() reason 0
[2021.10.19-12.08.20:388][393]LogSlate: FSceneViewport::OnFocusLost() reason 0
[2021.10.19-12.08.33:429][661]LogSlate: FSceneViewport::OnFocusLost() reason 0
[2021.10.19-12.09.16:985][304]BlueprintLog: New page: Compile BP_Cube_Sphere
[2021.10.19-12.09.17:343][304]LogUObjectHash: Compacting FUObjectHashTables data took   5.49ms
[2021.10.19-12.09.53:754][839]BlueprintLog: New page: Compile BP_Cube_Sphere
[2021.10.19-12.09.54:192][839]LogUObjectHash: Compacting FUObjectHashTables data took   6.90ms
[2021.10.19-12.09.54:802][898]Cmd: OBJ SAVEPACKAGE PACKAGE="/Game/BP_Cube_Sphere" FILE="../../../../../../Users/dmytr/Documents/GitHub/unreal-sh/Homework/Content/BP_Cube_Sphere.uasset" SILENT=true
[2021.10.19-12.09.54:844][898]LogSavePackage: Moving '../../../../../../Users/dmytr/Documents/GitHub/unreal-sh/Homework/Saved/BP_Cube_SphereA7D8B1B1473B4C960EFEE79DC56F7068.tmp' to '../../../../../../Users/dmytr/Documents/GitHub/unreal-sh/Homework/Content/BP_Cube_Sphere.uasset'
[2021.10.19-12.10.01:242][372]LogSlate: FSceneViewport::OnFocusLost() reason 0
[2021.10.19-12.10.01:323][380]LogTemp: Repeating last play command: Simulate
[2021.10.19-12.10.01:336][380]LogBlueprintUserMessages: Early PlayInEditor Detection: Level '/Game/StarterContent/Maps/Minimal_Default.Minimal_Default:PersistentLevel' has LevelScriptBlueprint '/Game/StarterContent/Maps/Minimal_Default.Minimal_Default:PersistentLevel.Minimal_Default' with GeneratedClass '/Game/StarterContent/Maps/Minimal_Default.Minimal_Default_C' with ClassGeneratedBy '/Game/StarterContent/Maps/Minimal_Default.Minimal_Default:PersistentLevel.Minimal_Default'
[2021.10.19-12.10.01:336][380]LogPlayLevel: PlayLevel: No blueprints needed recompiling
[2021.10.19-12.10.01:336][380]PIE: New page: SIE session: Minimal_Default (19 окт. 2021, 18:10:01)
[2021.10.19-12.10.01:336][380]LogPlayLevel: Creating play world package: /Game/StarterContent/Maps/UEDPIE_0_Minimal_Default
[2021.10.19-12.10.01:344][380]LogPlayLevel: PIE: StaticDuplicateObject took: (0.007387s)
[2021.10.19-12.10.01:346][380]LogAIModule: Creating AISystem for world Minimal_Default
[2021.10.19-12.10.01:347][380]LogPlayLevel: PIE: World Init took: (0.002522s)
[2021.10.19-12.10.01:347][380]LogPlayLevel: PIE: Created PIE world by copying editor world from /Game/StarterContent/Maps/Minimal_Default.Minimal_Default to /Game/StarterContent/Maps/UEDPIE_0_Minimal_Default.Minimal_Default (0.010443s)
[2021.10.19-12.10.01:416][380]LogUObjectHash: Compacting FUObjectHashTables data took   5.75ms
[2021.10.19-12.10.01:423][380]LogInit: XAudio2 using 'Динамики (Realtek(R) Audio)' : 2 channels at 48 kHz using 32 bits per sample (channel mask 0x3)
[2021.10.19-12.10.01:552][380]LogInit: FAudioDevice initialized.
[2021.10.19-12.10.01:585][380]LogLoad: Game class is 'GameModeBase'
[2021.10.19-12.10.01:588][380]LogWorld: Bringing World /Game/StarterContent/Maps/UEDPIE_0_Minimal_Default.Minimal_Default up for play (max tick rate 0) at 2021.10.19-15.10.01
[2021.10.19-12.10.01:588][380]LogWorld: Bringing up level for play took: 0.001752
[2021.10.19-12.10.01:602][380]LogGameMode: FindPlayerStart: PATHS NOT DEFINED or NO PLAYERSTART with positive rating
[2021.10.19-12.10.01:603][380]PIE: Play in editor start time for /Game/StarterContent/Maps/UEDPIE_0_Minimal_Default 0,51
[2021.10.19-12.10.01:615][380]LogBlueprintUserMessages: Late PlayInEditor Detection: Level '/Game/StarterContent/Maps/Minimal_Default.Minimal_Default:PersistentLevel' has LevelScriptBlueprint '/Game/StarterContent/Maps/Minimal_Default.Minimal_Default:PersistentLevel.Minimal_Default' with GeneratedClass '/Game/StarterContent/Maps/Minimal_Default.Minimal_Default_C' with ClassGeneratedBy '/Game/StarterContent/Maps/Minimal_Default.Minimal_Default:PersistentLevel.Minimal_Default'
[2021.10.19-12.10.06:907][823]LogSlate: FSceneViewport::OnFocusLost() reason 0
[2021.10.19-12.10.06:995][833]LogBlueprintUserMessages: Early EndPlayMap Detection: Level '/Game/StarterContent/Maps/Minimal_Default.Minimal_Default:PersistentLevel' has LevelScriptBlueprint '/Game/StarterContent/Maps/Minimal_Default.Minimal_Default:PersistentLevel.Minimal_Default' with GeneratedClass '/Game/StarterContent/Maps/Minimal_Default.Minimal_Default_C' with ClassGeneratedBy '/Game/StarterContent/Maps/Minimal_Default.Minimal_Default:PersistentLevel.Minimal_Default'
[2021.10.19-12.10.06:996][833]LogSlate: Updating window title bar state: overlay mode, drag disabled, window buttons hidden, title bar hidden
[2021.10.19-12.10.07:031][833]LogPlayLevel: Display: Shutting down PIE online subsystems
[2021.10.19-12.10.07:032][833]LogBlueprintUserMessages: Late EndPlayMap Detection: Level '/Game/StarterContent/Maps/Minimal_Default.Minimal_Default:PersistentLevel' has LevelScriptBlueprint '/Game/StarterContent/Maps/Minimal_Default.Minimal_Default:PersistentLevel.Minimal_Default' with GeneratedClass '/Game/StarterContent/Maps/Minimal_Default.Minimal_Default_C' with ClassGeneratedBy '/Game/StarterContent/Maps/Minimal_Default.Minimal_Default:PersistentLevel.Minimal_Default'
[2021.10.19-12.10.07:099][833]LogSlate: Updating window title bar state: overlay mode, drag disabled, window buttons hidden, title bar hidden
[2021.10.19-12.10.07:108][833]LogUObjectHash: Compacting FUObjectHashTables data took   4.80ms
[2021.10.19-12.10.07:132][834]LogPlayLevel: Display: Destroying online subsystem :Context_12
[2021.10.19-12.10.11:358][251]LogUObjectHash: Compacting FUObjectHashTables data took   2.03ms
[2021.10.19-12.10.13:808][251]LogSlate: Window 'Save Content' being destroyed
[2021.10.19-12.10.13:853][251]Cmd: OBJ SAVEPACKAGE PACKAGE="/Game/BP_Solo_Cube" FILE="../../../../../../Users/dmytr/Documents/GitHub/unreal-sh/Homework/Content/BP_Solo_Cube.uasset" SILENT=true
[2021.10.19-12.10.13:873][251]LogSavePackage: Moving '../../../../../../Users/dmytr/Documents/GitHub/unreal-sh/Homework/Saved/BP_Solo_CubeD8CD48024ED7F5A77D8B148D530F0DD2.tmp' to '../../../../../../Users/dmytr/Documents/GitHub/unreal-sh/Homework/Content/BP_Solo_Cube.uasset'
[2021.10.19-12.10.13:915][251]LogUObjectHash: Compacting FUObjectHashTables data took   0.89ms
[2021.10.19-12.10.14:067][251]LogSavePackage: Moving '../../../../../../Users/dmytr/Documents/GitHub/unreal-sh/Homework/Saved/Minimal_Default5783BDE84109F38AEE52B1A965C4FF39.tmp' to '../../../../../../Users/dmytr/Documents/GitHub/unreal-sh/Homework/Content/StarterContent/Maps/Minimal_Default.umap'
[2021.10.19-12.10.14:095][251]LogFileHelpers: Saving map 'Minimal_Default' took 0.213
[2021.10.19-12.10.18:276][612]LogSlate: FSceneViewport::OnFocusLost() reason 0
[2021.10.19-12.10.18:362][620]LogTemp: Repeating last play command: Standalone Game
[2021.10.19-12.10.18:515][620]LogUObjectHash: Compacting FUObjectHashTables data took   8.52ms
[2021.10.19-12.10.20:391][770]LogTemp: Repeating last play command: Standalone Game
[2021.10.19-12.10.20:504][770]LogUObjectHash: Compacting FUObjectHashTables data took   2.25ms
[2021.10.19-12.10.22:890][961]LogTemp: Repeating last play command: Standalone Game
[2021.10.19-12.10.22:970][961]LogUObjectHash: Compacting FUObjectHashTables data took   1.54ms
[2021.10.19-12.10.26:415][237]LogUObjectHash: Compacting FUObjectHashTables data took   1.81ms
[2021.10.19-12.10.26:760][237]LogSavePackage: Moving '../../../../../../Users/dmytr/Documents/GitHub/unreal-sh/Homework/Saved/Minimal_Default0F07F831442C88F23B0FAFB2E3467830.tmp' to '../../../../../../Users/dmytr/Documents/GitHub/unreal-sh/Homework/Content/StarterContent/Maps/Minimal_Default.umap'
[2021.10.19-12.10.26:881][237]LogSavePackage: Moving '../../../../../../Users/dmytr/Documents/GitHub/unreal-sh/Homework/Saved/Minimal_Default_BuiltData63A1A79641A4C1A2521BA48446089419.tmp' to '../../../../../../Users/dmytr/Documents/GitHub/unreal-sh/Homework/Content/StarterContent/Maps/Minimal_Default_BuiltData.uasset'
[2021.10.19-12.10.34:987][635]LogSlate: Window 'Source Control Login' being destroyed
[2021.10.19-12.10.39:478][922]SourceControl: fatal: C:/Program Files/Epic Games/UE_4.22/Engine/Content: 'C:/Program Files/Epic Games/UE_4.22/Engine/Content' is outside repository at 'C:/Users/dmytr/Documents/GitHub/unreal-sh'
[2021.10.19-12.10.39:786][922]LogPackageName: Error: Illegal call to DoesPackageExist: '../../../../../../Users/dmytr/Documents/GitHub/unreal-sh/Homework/Homework.uproject' is not a standard unreal filename or a long path name. Reason: Path should be no less than 4 characters long.
[2021.10.19-12.10.39:787][922]LogOutputDevice: Warning: 

Script Stack (0 frames):

[2021.10.19-12.10.41:706][922]LogStats: FPlatformStackWalk::StackWalkAndDump -  1.919 s
[2021.10.19-12.10.41:706][922]LogOutputDevice: Error: === Handled ensure: ===
[2021.10.19-12.10.41:706][922]LogOutputDevice: Error: 
[2021.10.19-12.10.41:706][922]LogOutputDevice: Error: Ensure condition failed: false [File:D:\Build\++UE4\Sync\Engine\Source\Runtime\CoreUObject\Private\Misc\PackageName.cpp] [Line: 849]
[2021.10.19-12.10.41:706][922]LogOutputDevice: Error: Illegal call to DoesPackageExist: '../../../../../../Users/dmytr/Documents/GitHub/unreal-sh/Homework/Homework.uproject' is not a standard unreal filename or a long path name. Reason: Path should be no less than 4 characters long.
[2021.10.19-12.10.41:706][922]LogOutputDevice: Error: Stack: 
[2021.10.19-12.10.41:706][922]LogOutputDevice: Error: [Callstack] 0x00007ff9c8f61097 UE4Editor-CoreUObject.dll!UnknownFunction []
[2021.10.19-12.10.41:707][922]LogOutputDevice: Error: [Callstack] 0x00007ff9c8c1ea0a UE4Editor-CoreUObject.dll!UnknownFunction []
[2021.10.19-12.10.41:707][922]LogOutputDevice: Error: [Callstack] 0x00007ff9d0845615 UE4Editor-SourceControl.dll!UnknownFunction []
[2021.10.19-12.10.41:707][922]LogOutputDevice: Error: [Callstack] 0x00007ff9d084576b UE4Editor-SourceControl.dll!UnknownFunction []
[2021.10.19-12.10.41:707][922]LogOutputDevice: Error: [Callstack] 0x00007ff9b8f18dfc UE4Editor-SourceControlWindows.dll!UnknownFunction []
[2021.10.19-12.10.41:707][922]LogOutputDevice: Error: [Callstack] 0x00007ff9b8ed59e3 UE4Editor-SourceControlWindows.dll!UnknownFunction []
[2021.10.19-12.10.41:707][922]LogOutputDevice: Error: [Callstack] 0x00007ff9b8ed522a UE4Editor-SourceControlWindows.dll!UnknownFunction []
[2021.10.19-12.10.41:707][922]LogOutputDevice: Error: [Callstack] 0x00007ff9b8eec451 UE4Editor-SourceControlWindows.dll!UnknownFunction []
[2021.10.19-12.10.41:707][922]LogOutputDevice: Error: [Callstack] 0x00007ff9af76b133 UE4Editor-GitSourceControl.dll!UnknownFunction []
[2021.10.19-12.10.41:708][922]LogOutputDevice: Error: [Callstack] 0x00007ff9af76fbb1 UE4Editor-GitSourceControl.dll!UnknownFunction []
[2021.10.19-12.10.41:708][922]LogOutputDevice: Error: [Callstack] 0x00007ff9d084a3b7 UE4Editor-SourceControl.dll!UnknownFunction []
[2021.10.19-12.10.41:708][922]LogOutputDevice: Error: [Callstack] 0x00007ff9c4a409b5 UE4Editor-UnrealEd.dll!UnknownFunction []
[2021.10.19-12.10.41:708][922]LogOutputDevice: Error: [Callstack] 0x00007ff9c525d396 UE4Editor-UnrealEd.dll!UnknownFunction []
[2021.10.19-12.10.41:708][922]LogOutputDevice: Error: [Callstack] 0x00007ff76eb56bb1 UE4Editor.exe!UnknownFunction []
[2021.10.19-12.10.41:708][922]LogOutputDevice: Error: [Callstack] 0x00007ff76eb6554c UE4Editor.exe!UnknownFunction []
[2021.10.19-12.10.41:708][922]LogOutputDevice: Error: [Callstack] 0x00007ff76eb655ca UE4Editor.exe!UnknownFunction []
[2021.10.19-12.10.41:708][922]LogOutputDevice: Error: [Callstack] 0x00007ff76eb7316c UE4Editor.exe!UnknownFunction []
[2021.10.19-12.10.41:708][922]LogOutputDevice: Error: [Callstack] 0x00007ff76eb75b8e UE4Editor.exe!UnknownFunction []
[2021.10.19-12.10.41:708][922]LogOutputDevice: Error: [Callstack] 0x00007ffa606154e0 KERNEL32.DLL!UnknownFunction []
[2021.10.19-12.10.41:708][922]LogOutputDevice: Error: [Callstack] 0x00007ffa6102485b ntdll.dll!UnknownFunction []
[2021.10.19-12.10.41:708][922]LogOutputDevice: Error: 
[2021.10.19-12.10.41:714][922]LogStats:                SubmitErrorReport -  0.000 s
[2021.10.19-12.10.44:164][922]LogStats:                    SendNewReport -  2.450 s
[2021.10.19-12.10.44:164][922]LogStats:             FDebug::EnsureFailed -  4.377 s
[2021.10.19-12.10.50:325][922]LogSlate: Window 'Submit Files' being destroyed
[2021.10.19-12.10.51:165][922]LogSourceControl: commit successful: [main af6c4cc] homework
[2021.10.19-12.10.51:543][922]SourceControl: [main af6c4cc] homework
[2021.10.19-12.10.51:543][922]SourceControl:  4 files changed, 6 insertions(+)
[2021.10.19-12.10.51:543][922]SourceControl:  create mode 100644 Homework/Content/BP_Cube_Sphere.uasset
[2021.10.19-12.10.51:543][922]SourceControl:  create mode 100644 Homework/Content/BP_Double_Cube.uasset
[2021.10.19-12.10.51:543][922]SourceControl:  create mode 100644 Homework/Content/BP_Solo_Cube.uasset
[2021.10.19-12.10.51:543][922]SourceControl:  create mode 100644 Homework/Homework.uproject
[2021.10.19-12.10.51:577][922]SourceControl: Commited [main af6c4cc] homework.
