Log file open, 10/19/21 15:10:26
LogWindows: Failed to load 'aqProf.dll' (GetLastError=126)
LogWindows: File 'aqProf.dll' does not exist
LogWindows: Failed to load 'VtuneApi.dll' (GetLastError=126)
LogWindows: File 'VtuneApi.dll' does not exist
LogWindows: Failed to load 'VtuneApi32e.dll' (GetLastError=126)
LogWindows: File 'VtuneApi32e.dll' does not exist
LogConsoleResponse: Display: Failed to find resolution value strings in scalability ini. Falling back to default.
LogInit: Display: Running engine for game: Homework
LogPakFile: Registered encryption key '00000000000000000000000000000000': 0 pak files mounted, 0 remain pending
LogPlatformFile: Not using cached read wrapper
LogTaskGraph: Started task graph with 5 named threads and 23 total threads with 3 sets of task threads.
LogStats: Stats thread started at 0.546285
LogD3D11RHI: Loaded GFSDK_Aftermath_Lib.x64.dll
LogICUInternationalization: ICU TimeZone Detection - Raw Offset: +2:00, Platform Override: ''
LogPluginManager: Mounting plugin Paper2D
LogPluginManager: Mounting plugin AISupport
LogPluginManager: Mounting plugin LightPropagationVolume
LogPluginManager: Mounting plugin ActorLayerUtilities
LogPluginManager: Mounting plugin AnimationSharing
LogPluginManager: Mounting plugin CLionSourceCodeAccess
LogPluginManager: Mounting plugin CodeLiteSourceCodeAccess
LogPluginManager: Mounting plugin GitSourceControl
LogPluginManager: Mounting plugin KDevelopSourceCodeAccess
LogPluginManager: Mounting plugin NullSourceCodeAccess
LogPluginManager: Mounting plugin PerforceSourceControl
LogPluginManager: Mounting plugin SubversionSourceControl
LogPluginManager: Mounting plugin UObjectPlugin
LogPluginManager: Mounting plugin VisualStudioCodeSourceCodeAccess
LogPluginManager: Mounting plugin VisualStudioSourceCodeAccess
LogPluginManager: Mounting plugin XCodeSourceCodeAccess
LogPluginManager: Mounting plugin AssetManagerEditor
LogPluginManager: Mounting plugin CryptoKeys
LogPluginManager: Mounting plugin DataValidation
LogPluginManager: Mounting plugin FacialAnimation
LogPluginManager: Mounting plugin GameplayTagsEditor
LogPluginManager: Mounting plugin MacGraphicsSwitching
LogPluginManager: Mounting plugin MaterialAnalyzer
LogPluginManager: Mounting plugin MobileLauncherProfileWizard
LogPluginManager: Mounting plugin PluginBrowser
LogPluginManager: Mounting plugin SpeedTreeImporter
LogPluginManager: Mounting plugin DatasmithContent
LogPluginManager: Mounting plugin VariantManagerContent
LogPluginManager: Mounting plugin AlembicImporter
LogPluginManager: Mounting plugin AppleImageUtils
LogPluginManager: Mounting plugin AppleVision
LogPluginManager: Mounting plugin BackChannel
LogPluginManager: Mounting plugin CharacterAI
LogPluginManager: Mounting plugin GeometryCache
LogPluginManager: Mounting plugin HTML5Networking
LogPluginManager: Mounting plugin ProxyLODPlugin
LogPluginManager: Mounting plugin SkeletalReduction
LogPluginManager: Mounting plugin MagicLeap
LogPluginManager: Mounting plugin MagicLeapMedia
LogPluginManager: Mounting plugin AndroidMedia
LogPluginManager: Mounting plugin AvfMedia
LogPluginManager: Mounting plugin ImgMedia
LogPluginManager: Mounting plugin LinearTimecode
LogPluginManager: Mounting plugin MediaCompositing
LogPluginManager: Mounting plugin MediaPlayerEditor
LogPluginManager: Mounting plugin WebMMedia
LogPluginManager: Mounting plugin WmfMedia
LogPluginManager: Mounting plugin TcpMessaging
LogPluginManager: Mounting plugin UdpMessaging
LogPluginManager: Mounting plugin ActorSequence
LogPluginManager: Mounting plugin LevelSequenceEditor
LogPluginManager: Mounting plugin MatineeToLevelSequence
LogPluginManager: Mounting plugin NetcodeUnitTest
LogPluginManager: Mounting plugin NUTUnrealEngine4
LogPluginManager: Mounting plugin OnlineSubsystemGooglePlay
LogPluginManager: Mounting plugin OnlineSubsystemIOS
LogPluginManager: Mounting plugin OnlineSubsystem
LogPluginManager: Mounting plugin OnlineSubsystemNull
LogPluginManager: Mounting plugin OnlineSubsystemUtils
LogPluginManager: Mounting plugin LauncherChunkInstaller
LogPluginManager: Mounting plugin AndroidDeviceProfileSelector
LogPluginManager: Mounting plugin AndroidMoviePlayer
LogPluginManager: Mounting plugin AndroidPermission
LogPluginManager: Mounting plugin AppleMoviePlayer
LogPluginManager: Mounting plugin ArchVisCharacter
LogPluginManager: Mounting plugin AudioCapture
LogPluginManager: Mounting plugin CableComponent
LogPluginManager: Mounting plugin CustomMeshComponent
LogPluginManager: Mounting plugin EditableMesh
LogPluginManager: Mounting plugin ExampleDeviceProfileSelector
LogPluginManager: Mounting plugin Firebase
LogPluginManager: Mounting plugin GoogleCloudMessaging
LogPluginManager: Mounting plugin IOSDeviceProfileSelector
LogPluginManager: Mounting plugin LinuxDeviceProfileSelector
LogPluginManager: Mounting plugin LocationServicesBPLibrary
LogPluginManager: Mounting plugin MobilePatchingUtils
LogPluginManager: Mounting plugin OculusVR
LogPluginManager: Mounting plugin PhysXVehicles
LogPluginManager: Mounting plugin ProceduralMeshComponent
LogPluginManager: Mounting plugin RuntimePhysXCooking
LogPluginManager: Mounting plugin SignificanceManager
LogPluginManager: Mounting plugin SteamVR
LogPluginManager: Mounting plugin WebMMoviePlayer
LogPluginManager: Mounting plugin WindowsMoviePlayer
LogInit: Using libcurl 7.55.1-DEV
LogInit:  - built for x86_64-pc-win32
LogInit:  - supports SSL with OpenSSL/1.1.1
LogInit:  - supports HTTP deflate (compression) using libz 1.2.8
LogInit:  - other features:
LogInit:      CURL_VERSION_SSL
LogInit:      CURL_VERSION_LIBZ
LogInit:      CURL_VERSION_IPV6
LogInit:      CURL_VERSION_ASYNCHDNS
LogInit:      CURL_VERSION_LARGEFILE
LogInit:      CURL_VERSION_IDN
LogInit:  CurlRequestOptions (configurable via config and command line):
LogInit:  - bVerifyPeer = true  - Libcurl will verify peer certificate
LogInit:  - bUseHttpProxy = false  - Libcurl will NOT use HTTP proxy
LogInit:  - bDontReuseConnections = false  - Libcurl will reuse connections
LogInit:  - MaxHostConnections = 16  - Libcurl will limit the number of connections to a host
LogInit:  - LocalHostAddr = Default
LogInit:  - BufferSize = 65536
LogInit: WinSock: version 1.1 (2.2), MaxSocks=32767, MaxUdp=65467
LogInit: Build: ++UE4+Release-4.22-CL-7053642
LogInit: Engine Version: 4.22.3-7053642+++UE4+Release-4.22
LogInit: Compatible Engine Version: 4.22.0-5660361+++UE4+Release-4.22
LogInit: Net CL: 5660361
LogInit: OS: Windows 10 (Release 2009) (), CPU: Intel(R) Core(TM) i5-10210U CPU @ 1.60GHz, GPU: Intel(R) UHD Graphics
LogInit: Compiled (64-bit): Jun 18 2019 03:09:11
LogInit: Compiled with Visual C++: 19.16.27025.01
LogInit: Build Configuration: Development
LogInit: Branch Name: ++UE4+Release-4.22
LogInit: Command Line:  /Game/StarterContent/Maps/Minimal_Default -game -PIEVIACONSOLE -ResX=1280 -ResY=720 -Multiprocess -messaging -SessionName="Play in Standalone Game" -windowed
LogInit: Base Directory: C:/Program Files/Epic Games/UE_4.22/Engine/Binaries/Win64/
LogInit: Installed Engine Build: 1
LogDevObjectVersion: Number of dev versions registered: 23
LogDevObjectVersion:   Dev-Blueprints (B0D832E4-1F89-4F0D-ACCF-7EB736FD4AA2): 10
LogDevObjectVersion:   Dev-Build (E1C64328-A22C-4D53-A36C-8E866417BD8C): 0
LogDevObjectVersion:   Dev-Core (375EC13C-06E4-48FB-B500-84F0262A717E): 3
LogDevObjectVersion:   Dev-Editor (E4B068ED-F494-42E9-A231-DA0B2E46BB41): 30
LogDevObjectVersion:   Dev-Framework (CFFC743F-43B0-4480-9391-14DF171D2073): 35
LogDevObjectVersion:   Dev-Mobile (B02B49B5-BB20-44E9-A304-32B752E40360): 2
LogDevObjectVersion:   Dev-Networking (A4E4105C-59A1-49B5-A7C5-40C4547EDFEE): 0
LogDevObjectVersion:   Dev-Online (39C831C9-5AE6-47DC-9A44-9C173E1C8E7C): 0
LogDevObjectVersion:   Dev-Physics (78F01B33-EBEA-4F98-B9B4-84EACCB95AA2): 0
LogDevObjectVersion:   Dev-Platform (6631380F-2D4D-43E0-8009-CF276956A95A): 0
LogDevObjectVersion:   Dev-Rendering (12F88B9F-8875-4AFC-A67C-D90C383ABD29): 28
LogDevObjectVersion:   Dev-Sequencer (7B5AE74C-D270-4C10-A958-57980B212A5A): 11
LogDevObjectVersion:   Dev-VR (D7296918-1DD6-4BDD-9DE2-64A83CC13884): 2
LogDevObjectVersion:   Dev-LoadTimes (C2A15278-BFE7-4AFE-6C17-90FF531DF755): 1
LogDevObjectVersion:   Private-Geometry (6EACA3D4-40EC-4CC1-B786-8BED09428FC5): 3
LogDevObjectVersion:   Dev-AnimPhys (29E575DD-E0A3-4627-9D10-D276232CDCEA): 17
LogDevObjectVersion:   Dev-Anim (AF43A65D-7FD3-4947-9873-3E8ED9C1BB05): 2
LogDevObjectVersion:   Dev-ReflectionCapture (6B266CEC-1EC7-4B8F-A30B-E4D90942FC07): 1
LogDevObjectVersion:   Dev-Automation (0DF73D61-A23F-47EA-B727-89E90C41499A): 1
LogDevObjectVersion:   FortniteMain (601D1886-AC64-4F84-AA16-D3DE0DEAC7D6): 25
LogDevObjectVersion:   Dev-Enterprise (9DFFBCD6-494F-0158-E221-12823C92A888): 6
LogDevObjectVersion:   Dev-Niagara (F2AED0AC-9AFE-416F-8664-AA7FFA26D6FC): 1
LogDevObjectVersion:   Dev-Destruction (174F1F0B-B4C6-45A5-B13F-2EE8D0FB917D): 2
LogInit: Presizing for max 16777216 objects, including 0 objects not considered by GC, pre-allocating 0 bytes for permanent pool.
LogInit: Object subsystem initialized
LogConfig: Setting CVar [[con.DebugEarlyDefault:1]]
LogConfig: Setting CVar [[r.setres:1280x720]]
[2021.10.19-12.10.26:949][  0]LogConfig: Setting CVar [[con.DebugEarlyDefault:1]]
[2021.10.19-12.10.26:949][  0]LogConfig: Setting CVar [[r.setres:1280x720]]
[2021.10.19-12.10.26:949][  0]LogConfig: Applying CVar settings from Section [/Script/Engine.RendererSettings] File [C:/Users/dmytr/Documents/GitHub/unreal-sh/Homework/Saved/Config/Windows/Engine.ini]
[2021.10.19-12.10.26:949][  0]LogConfig: Setting CVar [[r.GPUCrashDebugging:0]]
[2021.10.19-12.10.26:949][  0]LogConfig: Setting CVar [[r.DefaultFeature.AutoExposure.ExtendDefaultLuminanceRange:1]]
[2021.10.19-12.10.26:949][  0]LogConfig: Applying CVar settings from Section [/Script/Engine.RendererOverrideSettings] File [C:/Users/dmytr/Documents/GitHub/unreal-sh/Homework/Saved/Config/Windows/Engine.ini]
[2021.10.19-12.10.26:949][  0]LogConfig: Applying CVar settings from Section [/Script/Engine.StreamingSettings] File [C:/Users/dmytr/Documents/GitHub/unreal-sh/Homework/Saved/Config/Windows/Engine.ini]
[2021.10.19-12.10.26:949][  0]LogConfig: Setting CVar [[s.MinBulkDataSizeForAsyncLoading:131072]]
[2021.10.19-12.10.26:949][  0]LogConfig: Setting CVar [[s.AsyncLoadingThreadEnabled:0]]
[2021.10.19-12.10.26:949][  0]LogConfig: Setting CVar [[s.EventDrivenLoaderEnabled:1]]
[2021.10.19-12.10.26:949][  0]LogConfig: Setting CVar [[s.WarnIfTimeLimitExceeded:0]]
[2021.10.19-12.10.26:949][  0]LogConfig: Setting CVar [[s.TimeLimitExceededMultiplier:1.5]]
[2021.10.19-12.10.26:949][  0]LogConfig: Setting CVar [[s.TimeLimitExceededMinTime:0.005]]
[2021.10.19-12.10.26:949][  0]LogConfig: Setting CVar [[s.UseBackgroundLevelStreaming:1]]
[2021.10.19-12.10.26:949][  0]LogConfig: Setting CVar [[s.PriorityAsyncLoadingExtraTime:15.0]]
[2021.10.19-12.10.26:949][  0]LogConfig: Setting CVar [[s.LevelStreamingActorsUpdateTimeLimit:5.0]]
[2021.10.19-12.10.26:949][  0]LogConfig: Setting CVar [[s.PriorityLevelStreamingActorsUpdateExtraTime:5.0]]
[2021.10.19-12.10.26:949][  0]LogConfig: Setting CVar [[s.LevelStreamingComponentsRegistrationGranularity:10]]
[2021.10.19-12.10.26:949][  0]LogConfig: Setting CVar [[s.UnregisterComponentsTimeLimit:1.0]]
[2021.10.19-12.10.26:949][  0]LogConfig: Setting CVar [[s.LevelStreamingComponentsUnregistrationGranularity:5]]
[2021.10.19-12.10.26:949][  0]LogConfig: Applying CVar settings from Section [/Script/Engine.GarbageCollectionSettings] File [C:/Users/dmytr/Documents/GitHub/unreal-sh/Homework/Saved/Config/Windows/Engine.ini]
[2021.10.19-12.10.26:950][  0]LogConfig: Setting CVar [[gc.MaxObjectsNotConsideredByGC:1]]
[2021.10.19-12.10.26:950][  0]LogConfig: Setting CVar [[gc.SizeOfPermanentObjectPool:0]]
[2021.10.19-12.10.26:950][  0]LogConfig: Setting CVar [[gc.FlushStreamingOnGC:0]]
[2021.10.19-12.10.26:950][  0]LogConfig: Setting CVar [[gc.NumRetriesBeforeForcingGC:10]]
[2021.10.19-12.10.26:950][  0]LogConfig: Setting CVar [[gc.AllowParallelGC:1]]
[2021.10.19-12.10.26:950][  0]LogConfig: Setting CVar [[gc.TimeBetweenPurgingPendingKillObjects:61.1]]
[2021.10.19-12.10.26:950][  0]LogConfig: Setting CVar [[gc.MaxObjectsInEditor:16777216]]
[2021.10.19-12.10.26:950][  0]LogConfig: Setting CVar [[gc.IncrementalBeginDestroyEnabled:1]]
[2021.10.19-12.10.26:950][  0]LogConfig: Setting CVar [[gc.CreateGCClusters:1]]
[2021.10.19-12.10.26:950][  0]LogConfig: Setting CVar [[gc.MinGCClusterSize:5]]
[2021.10.19-12.10.26:950][  0]LogConfig: Setting CVar [[gc.ActorClusteringEnabled:0]]
[2021.10.19-12.10.26:950][  0]LogConfig: Setting CVar [[gc.BlueprintClusteringEnabled:0]]
[2021.10.19-12.10.26:950][  0]LogConfig: Setting CVar [[gc.UseDisregardForGCOnDedicatedServers:0]]
[2021.10.19-12.10.26:950][  0]LogConfig: Applying CVar settings from Section [/Script/Engine.NetworkSettings] File [C:/Users/dmytr/Documents/GitHub/unreal-sh/Homework/Saved/Config/Windows/Engine.ini]
[2021.10.19-12.10.26:950][  0]LogConfig: Applying CVar settings from Section [/Script/UnrealEd.CookerSettings] File [C:/Users/dmytr/Documents/GitHub/unreal-sh/Homework/Saved/Config/Windows/Engine.ini]
[2021.10.19-12.10.26:956][  0]LogConfig: Applying CVar settings from Section [ViewDistanceQuality@3] File [C:/Users/dmytr/Documents/GitHub/unreal-sh/Homework/Saved/Config/Windows/Scalability.ini]
[2021.10.19-12.10.26:956][  0]LogConfig: Setting CVar [[r.SkeletalMeshLODBias:0]]
[2021.10.19-12.10.26:956][  0]LogConfig: Setting CVar [[r.ViewDistanceScale:1.0]]
[2021.10.19-12.10.26:956][  0]LogConfig: Applying CVar settings from Section [AntiAliasingQuality@3] File [C:/Users/dmytr/Documents/GitHub/unreal-sh/Homework/Saved/Config/Windows/Scalability.ini]
[2021.10.19-12.10.26:956][  0]LogConfig: Setting CVar [[r.PostProcessAAQuality:4]]
[2021.10.19-12.10.26:956][  0]LogConfig: Applying CVar settings from Section [ShadowQuality@3] File [C:/Users/dmytr/Documents/GitHub/unreal-sh/Homework/Saved/Config/Windows/Scalability.ini]
[2021.10.19-12.10.26:956][  0]LogConfig: Setting CVar [[r.LightFunctionQuality:1]]
[2021.10.19-12.10.26:956][  0]LogConfig: Setting CVar [[r.ShadowQuality:5]]
[2021.10.19-12.10.26:956][  0]LogConfig: Setting CVar [[r.Shadow.CSM.MaxCascades:10]]
[2021.10.19-12.10.26:956][  0]LogConfig: Setting CVar [[r.Shadow.MaxResolution:2048]]
[2021.10.19-12.10.26:956][  0]LogConfig: Setting CVar [[r.Shadow.MaxCSMResolution:2048]]
[2021.10.19-12.10.26:956][  0]LogConfig: Setting CVar [[r.Shadow.RadiusThreshold:0.01]]
[2021.10.19-12.10.26:956][  0]LogConfig: Setting CVar [[r.Shadow.DistanceScale:1.0]]
[2021.10.19-12.10.26:956][  0]LogConfig: Setting CVar [[r.Shadow.CSM.TransitionScale:1.0]]
[2021.10.19-12.10.26:956][  0]LogConfig: Setting CVar [[r.Shadow.PreShadowResolutionFactor:1.0]]
[2021.10.19-12.10.26:956][  0]LogConfig: Setting CVar [[r.DistanceFieldShadowing:1]]
[2021.10.19-12.10.26:956][  0]LogConfig: Setting CVar [[r.DistanceFieldAO:1]]
[2021.10.19-12.10.26:956][  0]LogConfig: Setting CVar [[r.AOQuality:2]]
[2021.10.19-12.10.26:956][  0]LogConfig: Setting CVar [[r.VolumetricFog:1]]
[2021.10.19-12.10.26:956][  0]LogConfig: Setting CVar [[r.VolumetricFog.GridPixelSize:8]]
[2021.10.19-12.10.26:956][  0]LogConfig: Setting CVar [[r.VolumetricFog.GridSizeZ:128]]
[2021.10.19-12.10.26:956][  0]LogConfig: Setting CVar [[r.VolumetricFog.HistoryMissSupersampleCount:4]]
[2021.10.19-12.10.26:956][  0]LogConfig: Setting CVar [[r.LightMaxDrawDistanceScale:1]]
[2021.10.19-12.10.26:956][  0]LogConfig: Setting CVar [[r.CapsuleShadows:1]]
[2021.10.19-12.10.26:956][  0]LogConfig: Applying CVar settings from Section [PostProcessQuality@3] File [C:/Users/dmytr/Documents/GitHub/unreal-sh/Homework/Saved/Config/Windows/Scalability.ini]
[2021.10.19-12.10.26:956][  0]LogConfig: Setting CVar [[r.MotionBlurQuality:4]]
[2021.10.19-12.10.26:956][  0]LogConfig: Setting CVar [[r.AmbientOcclusionMipLevelFactor:0.4]]
[2021.10.19-12.10.26:957][  0]LogConfig: Setting CVar [[r.AmbientOcclusionMaxQuality:100]]
[2021.10.19-12.10.26:957][  0]LogConfig: Setting CVar [[r.AmbientOcclusionLevels:-1]]
[2021.10.19-12.10.26:957][  0]LogConfig: Setting CVar [[r.AmbientOcclusionRadiusScale:1.0]]
[2021.10.19-12.10.26:957][  0]LogConfig: Setting CVar [[r.DepthOfFieldQuality:2]]
[2021.10.19-12.10.26:957][  0]LogConfig: Setting CVar [[r.RenderTargetPoolMin:400]]
[2021.10.19-12.10.26:957][  0]LogConfig: Setting CVar [[r.LensFlareQuality:2]]
[2021.10.19-12.10.26:957][  0]LogConfig: Setting CVar [[r.SceneColorFringeQuality:1]]
[2021.10.19-12.10.26:957][  0]LogConfig: Setting CVar [[r.EyeAdaptationQuality:2]]
[2021.10.19-12.10.26:957][  0]LogConfig: Setting CVar [[r.BloomQuality:5]]
[2021.10.19-12.10.26:957][  0]LogConfig: Setting CVar [[r.FastBlurThreshold:100]]
[2021.10.19-12.10.26:957][  0]LogConfig: Setting CVar [[r.Upscale.Quality:3]]
[2021.10.19-12.10.26:957][  0]LogConfig: Setting CVar [[r.Tonemapper.GrainQuantization:1]]
[2021.10.19-12.10.26:957][  0]LogConfig: Setting CVar [[r.LightShaftQuality:1]]
[2021.10.19-12.10.26:957][  0]LogConfig: Setting CVar [[r.Filter.SizeScale:1]]
[2021.10.19-12.10.26:957][  0]LogConfig: Setting CVar [[r.Tonemapper.Quality:5]]
[2021.10.19-12.10.26:957][  0]LogConfig: Setting CVar [[r.DOF.Gather.AccumulatorQuality:1        ; higher gathering accumulator quality]]
[2021.10.19-12.10.26:957][  0]LogConfig: Setting CVar [[r.DOF.Gather.PostfilterMethod:1          ; Median3x3 postfilering method]]
[2021.10.19-12.10.26:957][  0]LogConfig: Setting CVar [[r.DOF.Gather.EnableBokehSettings:0       ; no bokeh simulation when gathering]]
[2021.10.19-12.10.26:957][  0]LogConfig: Setting CVar [[r.DOF.Gather.RingCount:4                 ; medium number of samples when gathering]]
[2021.10.19-12.10.26:957][  0]LogConfig: Setting CVar [[r.DOF.Scatter.ForegroundCompositing:1    ; additive foreground scattering]]
[2021.10.19-12.10.26:957][  0]LogConfig: Setting CVar [[r.DOF.Scatter.BackgroundCompositing:2    ; additive background scattering]]
[2021.10.19-12.10.26:957][  0]LogConfig: Setting CVar [[r.DOF.Scatter.EnableBokehSettings:1      ; bokeh simulation when scattering]]
[2021.10.19-12.10.26:957][  0]LogConfig: Setting CVar [[r.DOF.Scatter.MaxSpriteRatio:0.1         ; only a maximum of 10% of scattered bokeh]]
[2021.10.19-12.10.26:957][  0]LogConfig: Setting CVar [[r.DOF.Recombine.Quality:1                ; cheap slight out of focus]]
[2021.10.19-12.10.26:957][  0]LogConfig: Setting CVar [[r.DOF.Recombine.EnableBokehSettings:0    ; no bokeh simulation on slight out of focus]]
[2021.10.19-12.10.26:957][  0]LogConfig: Setting CVar [[r.DOF.TemporalAAQuality:1                ; more stable temporal accumulation]]
[2021.10.19-12.10.26:957][  0]LogConfig: Setting CVar [[r.DOF.Kernel.MaxForegroundRadius:0.025]]
[2021.10.19-12.10.26:957][  0]LogConfig: Setting CVar [[r.DOF.Kernel.MaxBackgroundRadius:0.025]]
[2021.10.19-12.10.26:958][  0]LogConfig: Applying CVar settings from Section [TextureQuality@3] File [C:/Users/dmytr/Documents/GitHub/unreal-sh/Homework/Saved/Config/Windows/Scalability.ini]
[2021.10.19-12.10.26:958][  0]LogConfig: Setting CVar [[r.Streaming.MipBias:0]]
[2021.10.19-12.10.26:958][  0]LogConfig: Setting CVar [[r.Streaming.AmortizeCPUToGPUCopy:0]]
[2021.10.19-12.10.26:958][  0]LogConfig: Setting CVar [[r.Streaming.MaxNumTexturesToStreamPerFrame:0]]
[2021.10.19-12.10.26:958][  0]LogConfig: Setting CVar [[r.Streaming.Boost:1]]
[2021.10.19-12.10.26:958][  0]LogConfig: Setting CVar [[r.MaxAnisotropy:8]]
[2021.10.19-12.10.26:958][  0]LogConfig: Setting CVar [[r.Streaming.LimitPoolSizeToVRAM:0]]
[2021.10.19-12.10.26:958][  0]LogConfig: Setting CVar [[r.Streaming.PoolSize:1000]]
[2021.10.19-12.10.26:958][  0]LogConfig: Setting CVar [[r.Streaming.MaxEffectiveScreenSize:0]]
[2021.10.19-12.10.26:958][  0]LogConfig: Applying CVar settings from Section [EffectsQuality@3] File [C:/Users/dmytr/Documents/GitHub/unreal-sh/Homework/Saved/Config/Windows/Scalability.ini]
[2021.10.19-12.10.26:958][  0]LogConfig: Setting CVar [[r.TranslucencyLightingVolumeDim:64]]
[2021.10.19-12.10.26:958][  0]LogConfig: Setting CVar [[r.RefractionQuality:2]]
[2021.10.19-12.10.26:958][  0]LogConfig: Setting CVar [[r.SSR.Quality:3]]
[2021.10.19-12.10.26:958][  0]LogConfig: Setting CVar [[r.SceneColorFormat:4]]
[2021.10.19-12.10.26:958][  0]LogConfig: Setting CVar [[r.DetailMode:2]]
[2021.10.19-12.10.26:958][  0]LogConfig: Setting CVar [[r.TranslucencyVolumeBlur:1]]
[2021.10.19-12.10.26:958][  0]LogConfig: Setting CVar [[r.MaterialQualityLevel:1 ; High quality]]
[2021.10.19-12.10.26:958][  0]LogConfig: Setting CVar [[r.SSS.Scale:1]]
[2021.10.19-12.10.26:958][  0]LogConfig: Setting CVar [[r.SSS.SampleSet:2]]
[2021.10.19-12.10.26:958][  0]LogConfig: Setting CVar [[r.SSS.Quality:1]]
[2021.10.19-12.10.26:958][  0]LogConfig: Setting CVar [[r.SSS.HalfRes:1]]
[2021.10.19-12.10.26:958][  0]LogConfig: Setting CVar [[r.EmitterSpawnRateScale:1.0]]
[2021.10.19-12.10.26:958][  0]LogConfig: Setting CVar [[r.ParticleLightQuality:2]]
[2021.10.19-12.10.26:958][  0]LogConfig: Applying CVar settings from Section [FoliageQuality@3] File [C:/Users/dmytr/Documents/GitHub/unreal-sh/Homework/Saved/Config/Windows/Scalability.ini]
[2021.10.19-12.10.26:958][  0]LogConfig: Setting CVar [[foliage.DensityScale:1.0]]
[2021.10.19-12.10.26:958][  0]LogConfig: Setting CVar [[grass.DensityScale:1.0]]
[2021.10.19-12.10.26:958][  0]LogInit: Selected Device Profile: [Windows]
[2021.10.19-12.10.26:958][  0]LogInit: Applying CVar settings loaded from the selected device profile: [Windows]
[2021.10.19-12.10.26:969][  0]LogHAL: Display: Platform has ~ 8 GB [8356536320 / 8589934592 / 8], which maps to Default [LargestMinGB=32, LargerMinGB=12, DefaultMinGB=8, SmallerMinGB=6, SmallestMinGB=0)
[2021.10.19-12.10.26:969][  0]LogConfig: Setting CVar [[r.Vulkan.UseRealUBs:0		; Required until we fix HLR fall-out]]
[2021.10.19-12.10.26:969][  0]LogInit: Going up to parent DeviceProfile []
[2021.10.19-12.10.26:969][  0]LogConfig: Applying CVar settings from Section [ViewDistanceQuality@3] File [C:/Users/dmytr/Documents/GitHub/unreal-sh/Homework/Saved/Config/Windows/Scalability.ini]
[2021.10.19-12.10.26:969][  0]LogConfig: Setting CVar [[r.SkeletalMeshLODBias:0]]
[2021.10.19-12.10.26:970][  0]LogConfig: Setting CVar [[r.ViewDistanceScale:1.0]]
[2021.10.19-12.10.26:970][  0]LogConfig: Applying CVar settings from Section [AntiAliasingQuality@3] File [C:/Users/dmytr/Documents/GitHub/unreal-sh/Homework/Saved/Config/Windows/Scalability.ini]
[2021.10.19-12.10.26:970][  0]LogConfig: Setting CVar [[r.PostProcessAAQuality:4]]
[2021.10.19-12.10.26:970][  0]LogConfig: Applying CVar settings from Section [ShadowQuality@3] File [C:/Users/dmytr/Documents/GitHub/unreal-sh/Homework/Saved/Config/Windows/Scalability.ini]
[2021.10.19-12.10.26:970][  0]LogConfig: Setting CVar [[r.LightFunctionQuality:1]]
[2021.10.19-12.10.26:970][  0]LogConfig: Setting CVar [[r.ShadowQuality:5]]
[2021.10.19-12.10.26:970][  0]LogConfig: Setting CVar [[r.Shadow.CSM.MaxCascades:10]]
[2021.10.19-12.10.26:970][  0]LogConfig: Setting CVar [[r.Shadow.MaxResolution:2048]]
[2021.10.19-12.10.26:970][  0]LogConfig: Setting CVar [[r.Shadow.MaxCSMResolution:2048]]
[2021.10.19-12.10.26:970][  0]LogConfig: Setting CVar [[r.Shadow.RadiusThreshold:0.01]]
[2021.10.19-12.10.26:970][  0]LogConfig: Setting CVar [[r.Shadow.DistanceScale:1.0]]
[2021.10.19-12.10.26:970][  0]LogConfig: Setting CVar [[r.Shadow.CSM.TransitionScale:1.0]]
[2021.10.19-12.10.26:970][  0]LogConfig: Setting CVar [[r.Shadow.PreShadowResolutionFactor:1.0]]
[2021.10.19-12.10.26:970][  0]LogConfig: Setting CVar [[r.DistanceFieldShadowing:1]]
[2021.10.19-12.10.26:970][  0]LogConfig: Setting CVar [[r.DistanceFieldAO:1]]
[2021.10.19-12.10.26:970][  0]LogConfig: Setting CVar [[r.AOQuality:2]]
[2021.10.19-12.10.26:970][  0]LogConfig: Setting CVar [[r.VolumetricFog:1]]
[2021.10.19-12.10.26:970][  0]LogConfig: Setting CVar [[r.VolumetricFog.GridPixelSize:8]]
[2021.10.19-12.10.26:970][  0]LogConfig: Setting CVar [[r.VolumetricFog.GridSizeZ:128]]
[2021.10.19-12.10.26:970][  0]LogConfig: Setting CVar [[r.VolumetricFog.HistoryMissSupersampleCount:4]]
[2021.10.19-12.10.26:970][  0]LogConfig: Setting CVar [[r.LightMaxDrawDistanceScale:1]]
[2021.10.19-12.10.26:970][  0]LogConfig: Setting CVar [[r.CapsuleShadows:1]]
[2021.10.19-12.10.26:970][  0]LogConfig: Applying CVar settings from Section [PostProcessQuality@3] File [C:/Users/dmytr/Documents/GitHub/unreal-sh/Homework/Saved/Config/Windows/Scalability.ini]
[2021.10.19-12.10.26:970][  0]LogConfig: Setting CVar [[r.MotionBlurQuality:4]]
[2021.10.19-12.10.26:970][  0]LogConfig: Setting CVar [[r.AmbientOcclusionMipLevelFactor:0.4]]
[2021.10.19-12.10.26:970][  0]LogConfig: Setting CVar [[r.AmbientOcclusionMaxQuality:100]]
[2021.10.19-12.10.26:970][  0]LogConfig: Setting CVar [[r.AmbientOcclusionLevels:-1]]
[2021.10.19-12.10.26:970][  0]LogConfig: Setting CVar [[r.AmbientOcclusionRadiusScale:1.0]]
[2021.10.19-12.10.26:970][  0]LogConfig: Setting CVar [[r.DepthOfFieldQuality:2]]
[2021.10.19-12.10.26:970][  0]LogConfig: Setting CVar [[r.RenderTargetPoolMin:400]]
[2021.10.19-12.10.26:970][  0]LogConfig: Setting CVar [[r.LensFlareQuality:2]]
[2021.10.19-12.10.26:970][  0]LogConfig: Setting CVar [[r.SceneColorFringeQuality:1]]
[2021.10.19-12.10.26:970][  0]LogConfig: Setting CVar [[r.EyeAdaptationQuality:2]]
[2021.10.19-12.10.26:970][  0]LogConfig: Setting CVar [[r.BloomQuality:5]]
[2021.10.19-12.10.26:970][  0]LogConfig: Setting CVar [[r.FastBlurThreshold:100]]
[2021.10.19-12.10.26:970][  0]LogConfig: Setting CVar [[r.Upscale.Quality:3]]
[2021.10.19-12.10.26:970][  0]LogConfig: Setting CVar [[r.Tonemapper.GrainQuantization:1]]
[2021.10.19-12.10.26:970][  0]LogConfig: Setting CVar [[r.LightShaftQuality:1]]
[2021.10.19-12.10.26:970][  0]LogConfig: Setting CVar [[r.Filter.SizeScale:1]]
[2021.10.19-12.10.26:971][  0]LogConfig: Setting CVar [[r.Tonemapper.Quality:5]]
[2021.10.19-12.10.26:971][  0]LogConfig: Setting CVar [[r.DOF.Gather.AccumulatorQuality:1        ; higher gathering accumulator quality]]
[2021.10.19-12.10.26:971][  0]LogConfig: Setting CVar [[r.DOF.Gather.PostfilterMethod:1          ; Median3x3 postfilering method]]
[2021.10.19-12.10.26:971][  0]LogConfig: Setting CVar [[r.DOF.Gather.EnableBokehSettings:0       ; no bokeh simulation when gathering]]
[2021.10.19-12.10.26:971][  0]LogConfig: Setting CVar [[r.DOF.Gather.RingCount:4                 ; medium number of samples when gathering]]
[2021.10.19-12.10.26:971][  0]LogConfig: Setting CVar [[r.DOF.Scatter.ForegroundCompositing:1    ; additive foreground scattering]]
[2021.10.19-12.10.26:971][  0]LogConfig: Setting CVar [[r.DOF.Scatter.BackgroundCompositing:2    ; additive background scattering]]
[2021.10.19-12.10.26:971][  0]LogConfig: Setting CVar [[r.DOF.Scatter.EnableBokehSettings:1      ; bokeh simulation when scattering]]
[2021.10.19-12.10.26:971][  0]LogConfig: Setting CVar [[r.DOF.Scatter.MaxSpriteRatio:0.1         ; only a maximum of 10% of scattered bokeh]]
[2021.10.19-12.10.26:971][  0]LogConfig: Setting CVar [[r.DOF.Recombine.Quality:1                ; cheap slight out of focus]]
[2021.10.19-12.10.26:971][  0]LogConfig: Setting CVar [[r.DOF.Recombine.EnableBokehSettings:0    ; no bokeh simulation on slight out of focus]]
[2021.10.19-12.10.26:971][  0]LogConfig: Setting CVar [[r.DOF.TemporalAAQuality:1                ; more stable temporal accumulation]]
[2021.10.19-12.10.26:971][  0]LogConfig: Setting CVar [[r.DOF.Kernel.MaxForegroundRadius:0.025]]
[2021.10.19-12.10.26:971][  0]LogConfig: Setting CVar [[r.DOF.Kernel.MaxBackgroundRadius:0.025]]
[2021.10.19-12.10.26:971][  0]LogConfig: Applying CVar settings from Section [TextureQuality@3] File [C:/Users/dmytr/Documents/GitHub/unreal-sh/Homework/Saved/Config/Windows/Scalability.ini]
[2021.10.19-12.10.26:971][  0]LogConfig: Setting CVar [[r.Streaming.MipBias:0]]
[2021.10.19-12.10.26:971][  0]LogConfig: Setting CVar [[r.Streaming.AmortizeCPUToGPUCopy:0]]
[2021.10.19-12.10.26:971][  0]LogConfig: Setting CVar [[r.Streaming.MaxNumTexturesToStreamPerFrame:0]]
[2021.10.19-12.10.26:971][  0]LogConfig: Setting CVar [[r.Streaming.Boost:1]]
[2021.10.19-12.10.26:971][  0]LogConfig: Setting CVar [[r.MaxAnisotropy:8]]
[2021.10.19-12.10.26:971][  0]LogConfig: Setting CVar [[r.Streaming.LimitPoolSizeToVRAM:0]]
[2021.10.19-12.10.26:971][  0]LogConfig: Setting CVar [[r.Streaming.PoolSize:1000]]
[2021.10.19-12.10.26:971][  0]LogConfig: Setting CVar [[r.Streaming.MaxEffectiveScreenSize:0]]
[2021.10.19-12.10.26:971][  0]LogConfig: Applying CVar settings from Section [EffectsQuality@3] File [C:/Users/dmytr/Documents/GitHub/unreal-sh/Homework/Saved/Config/Windows/Scalability.ini]
[2021.10.19-12.10.26:971][  0]LogConfig: Setting CVar [[r.TranslucencyLightingVolumeDim:64]]
[2021.10.19-12.10.26:971][  0]LogConfig: Setting CVar [[r.RefractionQuality:2]]
[2021.10.19-12.10.26:971][  0]LogConfig: Setting CVar [[r.SSR.Quality:3]]
[2021.10.19-12.10.26:971][  0]LogConfig: Setting CVar [[r.SceneColorFormat:4]]
[2021.10.19-12.10.26:971][  0]LogConfig: Setting CVar [[r.DetailMode:2]]
[2021.10.19-12.10.26:971][  0]LogConfig: Setting CVar [[r.TranslucencyVolumeBlur:1]]
[2021.10.19-12.10.26:971][  0]LogConfig: Setting CVar [[r.MaterialQualityLevel:1 ; High quality]]
[2021.10.19-12.10.26:971][  0]LogConfig: Setting CVar [[r.SSS.Scale:1]]
[2021.10.19-12.10.26:971][  0]LogConfig: Setting CVar [[r.SSS.SampleSet:2]]
[2021.10.19-12.10.26:971][  0]LogConfig: Setting CVar [[r.SSS.Quality:1]]
[2021.10.19-12.10.26:971][  0]LogConfig: Setting CVar [[r.SSS.HalfRes:1]]
[2021.10.19-12.10.26:971][  0]LogConfig: Setting CVar [[r.EmitterSpawnRateScale:1.0]]
[2021.10.19-12.10.26:971][  0]LogConfig: Setting CVar [[r.ParticleLightQuality:2]]
[2021.10.19-12.10.26:971][  0]LogConfig: Applying CVar settings from Section [FoliageQuality@3] File [C:/Users/dmytr/Documents/GitHub/unreal-sh/Homework/Saved/Config/Windows/Scalability.ini]
[2021.10.19-12.10.26:971][  0]LogConfig: Setting CVar [[foliage.DensityScale:1.0]]
[2021.10.19-12.10.26:971][  0]LogConfig: Setting CVar [[grass.DensityScale:1.0]]
[2021.10.19-12.10.26:971][  0]LogConfig: Applying CVar settings from Section [Startup] File [../../../Engine/Config/ConsoleVariables.ini]
[2021.10.19-12.10.26:972][  0]LogConfig: Setting CVar [[net.UseAdaptiveNetUpdateFrequency:0]]
[2021.10.19-12.10.26:972][  0]LogConfig: Setting CVar [[p.chaos.AllowCreatePhysxBodies:1]]
[2021.10.19-12.10.26:972][  0]LogConfig: Applying CVar settings from Section [ConsoleVariables] File [C:/Users/dmytr/Documents/GitHub/unreal-sh/Homework/Saved/Config/Windows/Engine.ini]
[2021.10.19-12.10.26:972][  0]LogInit: Computer: NOSF
[2021.10.19-12.10.26:972][  0]LogInit: User: dmytr
[2021.10.19-12.10.26:972][  0]LogInit: CPU Page size=4096, Cores=4
[2021.10.19-12.10.26:972][  0]LogInit: High frequency timer resolution =10.000000 MHz
[2021.10.19-12.10.26:974][  0]LogMemory: Memory total: Physical=7.8GB (8GB approx)
[2021.10.19-12.10.26:974][  0]LogMemory: Platform Memory Stats for Windows
[2021.10.19-12.10.26:974][  0]LogMemory: Process Physical Memory: 98.38 MB used, 98.38 MB peak
[2021.10.19-12.10.26:974][  0]LogMemory: Process Virtual Memory: 89.18 MB used, 89.18 MB peak
[2021.10.19-12.10.26:974][  0]LogMemory: Physical Memory: 5592.64 MB used,  2376.77 MB free, 7969.41 MB total
[2021.10.19-12.10.26:974][  0]LogMemory: Virtual Memory: 4634.26 MB used,  134213096.00 MB free, 134217728.00 MB total
[2021.10.19-12.10.27:106][  0]LogInit: Using OS detected language (ru-RU).
[2021.10.19-12.10.27:106][  0]LogInit: Using OS detected locale (ru-UA).
[2021.10.19-12.10.27:108][  0]LogTextLocalizationManager: No specific localization for 'ru-RU' exists, so the 'ru' localization will be used.
[2021.10.19-12.10.27:110][  0]LogTextLocalizationResource: LocRes '../../../Engine/Content/Localization/Editor/ru/Editor.locres' could not be opened for reading!
[2021.10.19-12.10.27:110][  0]LogTextLocalizationResource: LocRes '../../../Engine/Content/Localization/EditorTutorials/ru/EditorTutorials.locres' could not be opened for reading!
[2021.10.19-12.10.27:111][  0]LogTextLocalizationResource: LocRes '../../../Engine/Content/Localization/Keywords/ru/Keywords.locres' could not be opened for reading!
[2021.10.19-12.10.27:112][  0]LogTextLocalizationResource: LocRes '../../../Engine/Content/Localization/Category/ru/Category.locres' could not be opened for reading!
[2021.10.19-12.10.27:112][  0]LogTextLocalizationResource: LocRes '../../../Engine/Content/Localization/ToolTips/ru/ToolTips.locres' could not be opened for reading!
[2021.10.19-12.10.27:113][  0]LogTextLocalizationResource: LocRes '../../../Engine/Content/Localization/PropertyNames/ru/PropertyNames.locres' could not be opened for reading!
[2021.10.19-12.10.27:113][  0]LogTextLocalizationResource: LocRes '../../../Engine/Content/Localization/Engine/ru/Engine.locres' could not be opened for reading!
[2021.10.19-12.10.27:180][  0]LogSlate: New Slate User Created.  User Index 0, Is Virtual User: 0
[2021.10.19-12.10.27:180][  0]LogSlate: Slate User Registered.  User Index 0, Is Virtual User: 0
[2021.10.19-12.10.27:374][  0]LogHMD: Failed to initialize OpenVR with code 110
[2021.10.19-12.10.27:374][  0]LogD3D11RHI: D3D11 adapters:
[2021.10.19-12.10.27:640][  0]LogD3D11RHI:    0. 'NVIDIA GeForce MX250' (Feature Level 11_0)
[2021.10.19-12.10.27:640][  0]LogD3D11RHI:       1983/0/3984 MB DedicatedVideo/DedicatedSystem/SharedSystem, Outputs:1, VendorId:0x10de
[2021.10.19-12.10.27:714][  0]LogD3D11RHI:    1. 'Intel(R) UHD Graphics' (Feature Level 11_0)
[2021.10.19-12.10.27:714][  0]LogD3D11RHI:       128/0/3984 MB DedicatedVideo/DedicatedSystem/SharedSystem, Outputs:0, VendorId:0x8086
[2021.10.19-12.10.27:722][  0]LogD3D11RHI:    2. 'Microsoft Basic Render Driver' (Feature Level 11_0)
[2021.10.19-12.10.27:722][  0]LogD3D11RHI:       0/0/3984 MB DedicatedVideo/DedicatedSystem/SharedSystem, Outputs:0, VendorId:0x1414
[2021.10.19-12.10.27:722][  0]LogD3D11RHI: Chosen D3D11 Adapter: 0
[2021.10.19-12.10.27:741][  0]LogD3D11RHI: Creating new Direct3DDevice
[2021.10.19-12.10.27:741][  0]LogD3D11RHI:     GPU DeviceId: 0x1d52 (for the marketing name, search the web for "GPU Device Id")
[2021.10.19-12.10.27:741][  0]LogWindows: EnumDisplayDevices:
[2021.10.19-12.10.27:742][  0]LogWindows:    0. 'Intel(R) UHD Graphics' (P:1 D:1)
[2021.10.19-12.10.27:743][  0]LogWindows:    1. 'Intel(R) UHD Graphics' (P:0 D:0)
[2021.10.19-12.10.27:743][  0]LogWindows:    2. 'Intel(R) UHD Graphics' (P:0 D:0)
[2021.10.19-12.10.27:744][  0]LogWindows: DebugString: PrimaryIsNotTheChoosenAdapter PrimaryIsNotTheChoosenAdapter PrimaryIsNotTheChoosenAdapter FoundDriverCount:0 
[2021.10.19-12.10.27:744][  0]LogD3D11RHI:     Adapter Name: NVIDIA GeForce MX250
[2021.10.19-12.10.27:744][  0]LogD3D11RHI:   Driver Version: Unknown (internal:Unknown, unified:Unknown)
[2021.10.19-12.10.27:744][  0]LogD3D11RHI:      Driver Date: Unknown
[2021.10.19-12.10.27:744][  0]LogRHI: Texture pool is 1388 MB (70% of 1983 MB)
[2021.10.19-12.10.27:897][  0]LogD3D11RHI: Async texture creation enabled
[2021.10.19-12.10.27:908][  0]LogRendererCore: FGlobalReadBuffer::InitRHI
[2021.10.19-12.10.27:909][  0]LogRendererCore: FGlobalReadBuffer::InitRHI
[2021.10.19-12.10.27:909][  0]LogRendererCore: FGlobalReadBuffer::InitRHI
[2021.10.19-12.10.27:924][  0]LogD3D11RHI: GPU Timing Frequency: 1000.000000 (Debug: 2 1)
[2021.10.19-12.10.29:320][  0]LogTemp: Display: Module 'WindowsClientTargetPlatform' loaded TargetPlatform 'WindowsClient'
[2021.10.19-12.10.29:380][  0]LogTemp: Display: Module 'WindowsNoEditorTargetPlatform' loaded TargetPlatform 'WindowsNoEditor'
[2021.10.19-12.10.29:440][  0]LogTemp: Display: Module 'WindowsServerTargetPlatform' loaded TargetPlatform 'WindowsServer'
[2021.10.19-12.10.29:466][  0]LogTemp: Display: Module 'WindowsTargetPlatform' loaded TargetPlatform 'Windows'
[2021.10.19-12.10.29:466][  0]LogTargetPlatformManager: Display: Building Assets For Windows
[2021.10.19-12.10.29:502][  0]LogAudioDebug: Display: Lib vorbis DLL was dynamically loaded.
[2021.10.19-12.10.29:689][  0]LogShaderCompilers: Guid format shader working directory is -20 characters bigger than the processId version (../../../../../../Users/dmytr/Documents/GitHub/unreal-sh/Homework/Intermediate/Shaders/WorkingDirectory/17964/).
[2021.10.19-12.10.29:689][  0]LogShaderCompilers: Cleaned the shader compiler working directory 'C:/Users/dmytr/AppData/Local/Temp/UnrealShaderWorkingDir/0EB186D942CA5ED7D8D91683885E1956/'.
[2021.10.19-12.10.29:707][  0]LogShaderCompilers: Display: Using XGE Shader Compiler (Interception Interface).
[2021.10.19-12.10.31:599][  0]LogDerivedDataCache: Display: Max Cache Size: 512 MB
[2021.10.19-12.10.31:744][  0]LogDerivedDataCache: Loaded boot cache 0.15s 71MB C:/Users/dmytr/AppData/Local/UnrealEngine/4.22/DerivedDataCache/Boot.ddc.
[2021.10.19-12.10.31:745][  0]LogDerivedDataCache: Display: Loaded Boot cache: C:/Users/dmytr/AppData/Local/UnrealEngine/4.22/DerivedDataCache/Boot.ddc
[2021.10.19-12.10.31:745][  0]LogDerivedDataCache: FDerivedDataBackendGraph:  Pak pak cache file ../../../../../../Users/dmytr/Documents/GitHub/unreal-sh/Homework/DerivedDataCache/DDC.ddp not found, will not use a pak cache.
[2021.10.19-12.10.31:745][  0]LogDerivedDataCache: Unable to find inner node Pak for hierarchical cache Hierarchy.
[2021.10.19-12.10.31:745][  0]LogDerivedDataCache: FDerivedDataBackendGraph:  CompressedPak pak cache file ../../../../../../Users/dmytr/Documents/GitHub/unreal-sh/Homework/DerivedDataCache/Compressed.ddp not found, will not use a pak cache.
[2021.10.19-12.10.31:745][  0]LogDerivedDataCache: Unable to find inner node CompressedPak for hierarchical cache Hierarchy.
[2021.10.19-12.10.31:776][  0]LogDerivedDataCache: Display: Pak cache opened for reading ../../../Engine/DerivedDataCache/Compressed.ddp.
[2021.10.19-12.10.31:776][  0]LogDerivedDataCache: FDerivedDataBackendGraph:  EnterprisePak pak cache file ../../../Enterprise/DerivedDataCache/Compressed.ddp not found, will not use a pak cache.
[2021.10.19-12.10.31:776][  0]LogDerivedDataCache: Unable to find inner node EnterprisePak for hierarchical cache Hierarchy.
[2021.10.19-12.10.31:793][  0]LogDerivedDataCache: Using Local data cache path C:/Users/dmytr/AppData/Local/UnrealEngine/Common/DerivedDataCache: Writable
[2021.10.19-12.10.31:793][  0]LogDerivedDataCache: Shared data cache path not found in *engine.ini, will not use an Shared cache.
[2021.10.19-12.10.31:793][  0]LogDerivedDataCache: Unable to find inner node Shared for hierarchical cache Hierarchy.
[2021.10.19-12.10.31:851][  0]LogMaterial: Verifying Global Shaders for PCD3D_SM5
[2021.10.19-12.10.31:864][  0]LogSlate: Using FreeType 2.6.0
[2021.10.19-12.10.31:866][  0]LogSlate: SlateFontServices - WITH_FREETYPE: 1, WITH_HARFBUZZ: 1
[2021.10.19-12.10.32:216][  0]LogInit: Using OS detected language (ru-RU).
[2021.10.19-12.10.32:216][  0]LogInit: Using OS detected locale (ru-UA).
[2021.10.19-12.10.32:216][  0]LogTextLocalizationManager: No localization for 'ru-RU' exists, so 'en' will be used for the language.
[2021.10.19-12.10.32:216][  0]LogTextLocalizationManager: No localization for 'ru-UA' exists, so 'en' will be used for the locale.
[2021.10.19-12.10.32:217][  0]LogSlate: FontCache flush requested. Reason: Culture for localization was changed
[2021.10.19-12.10.32:217][  0]LogSlate: FontCache flush requested. Reason: Culture for localization was changed
[2021.10.19-12.10.32:217][  0]LogTextLocalizationManager: Compacting localization data took   0.03ms
[2021.10.19-12.10.32:236][  0]LogAssetRegistry: FAssetRegistry took 0.0124 seconds to start up
[2021.10.19-12.10.32:874][  0]LogPackageLocalizationCache: Processed 10 localized package path(s) for 1 prioritized culture(s) in 0.002511 seconds
[2021.10.19-12.10.33:381][  0]LogInit: Selected Device Profile: [Windows]
[2021.10.19-12.10.33:859][  0]LogMeshReduction: Using QuadricMeshReduction for automatic static mesh reduction
[2021.10.19-12.10.33:859][  0]LogMeshReduction: Using SimplygonMeshReduction for automatic skeletal mesh reduction
[2021.10.19-12.10.33:859][  0]LogMeshReduction: Using ProxyLODMeshReduction for automatic mesh merging
[2021.10.19-12.10.33:859][  0]LogMeshReduction: No distributed automatic mesh merging module available
[2021.10.19-12.10.33:859][  0]LogMeshMerging: No distributed automatic mesh merging module available
[2021.10.19-12.10.33:905][  0]LogNetVersion: Homework 1.0.0, NetCL: 5660361, EngineNetVer: 10, GameNetVer: 0 (Checksum: 3113578218)
[2021.10.19-12.10.36:109][  0]LogMoviePlayer: Initializing movie player
[2021.10.19-12.10.36:359][  0]LogTcpMessaging: Initializing TcpMessaging bridge
[2021.10.19-12.10.36:377][  0]LogUdpMessaging: Initializing bridge on interface 0.0.0.0:0 to multicast group 230.0.0.1:6666.
[2021.10.19-12.10.36:548][  0]SourceControl: Source control is disabled
[2021.10.19-12.10.36:548][  0]SourceControl: Source control is disabled
[2021.10.19-12.10.36:554][  0]SourceControl: Source control is disabled
[2021.10.19-12.10.36:800][  0]LogAndroidPermission: UAndroidPermissionCallbackProxy::GetInstance
[2021.10.19-12.10.37:029][  0]LogOcInput: OculusInput pre-init called
[2021.10.19-12.10.37:057][  0]LogUObjectArray: 46459 objects as part of root set at end of initial load.
[2021.10.19-12.10.37:057][  0]LogUObjectAllocator: 8159704 out of 0 bytes used by permanent object pool.
[2021.10.19-12.10.37:057][  0]LogUObjectArray: CloseDisregardForGC: 0/0 objects in disregard for GC pool
[2021.10.19-12.10.37:352][  0]LogEngine: Initializing Engine...
[2021.10.19-12.10.37:354][  0]LogHMD: Failed to initialize OpenVR with code 110
[2021.10.19-12.10.37:377][  0]LogStats: UGameplayTagsManager::InitializeManager -  0.001 s
[2021.10.19-12.10.37:988][  0]LogInit: Initializing FReadOnlyCVARCache
[2021.10.19-12.10.38:016][  0]LogInit: XAudio2 using 'Динамики (Realtek(R) Audio)' : 2 channels at 48 kHz using 32 bits per sample (channel mask 0x3)
[2021.10.19-12.10.38:227][  0]LogInit: FAudioDevice initialized.
[2021.10.19-12.10.38:240][  0]LogNetVersion: Set ProjectVersion to 1.0.0.0. Version Checksum will be recalculated on next use.
[2021.10.19-12.10.38:260][  0]LogInit: Texture streaming: Enabled
[2021.10.19-12.10.38:957][  0]LogSlate: Updating window title bar state: overlay mode, drag disabled, window buttons hidden, title bar hidden
[2021.10.19-12.10.38:958][  0]LogInit: Display: Game Engine Initialized.
[2021.10.19-12.10.39:228][  0]LogInit: Display: Starting Game.
[2021.10.19-12.10.39:228][  0]LogNet: Browse: /Game/StarterContent/Maps/Minimal_Default?Name=Player
[2021.10.19-12.10.39:230][  0]LogLoad: LoadMap: /Game/StarterContent/Maps/Minimal_Default?Name=Player
[2021.10.19-12.10.39:309][  0]LogUObjectHash: Compacting FUObjectHashTables data took   6.17ms
[2021.10.19-12.10.39:897][  0]LogAIModule: Creating AISystem for world Minimal_Default
[2021.10.19-12.10.39:898][  0]LogLoad: Game class is 'GameModeBase'
[2021.10.19-12.10.39:912][  0]LogWorld: Bringing World /Game/StarterContent/Maps/Minimal_Default.Minimal_Default up for play (max tick rate 0) at 2021.10.19-15.10.39
[2021.10.19-12.10.39:913][  0]LogWorld: Bringing up level for play took: 0.013936
[2021.10.19-12.10.39:915][  0]LogGameMode: FindPlayerStart: PATHS NOT DEFINED or NO PLAYERSTART with positive rating
[2021.10.19-12.10.39:927][  0]LogLoad: Took 0.697614 seconds to LoadMap(/Game/StarterContent/Maps/Minimal_Default)
[2021.10.19-12.10.40:049][  0]LogRenderer: Reallocating scene render targets to support 1280x720 Format 10 NumSamples 1 (Frame:1).
[2021.10.19-12.10.40:049][  0]LogLoad: (Engine Initialization) Total time: 16.70 seconds
[2021.10.19-12.10.40:049][  0]LogLoad: (Engine Initialization) Total Blueprint compile time: 0.00 seconds
[2021.10.19-12.10.40:090][  0]LogContentStreaming: Texture pool size now 1000 MB
[2021.10.19-12.10.41:017][  0]LogRenderer: Reallocating scene render targets to support 128x128 Format 10 NumSamples 1 (Frame:1).
[2021.10.19-12.10.41:136][  0]LogRenderer: Reallocating scene render targets to support 1280x720 Format 10 NumSamples 1 (Frame:2).
[2021.10.19-12.11.18:869][300]LogAudio: Warning: Waited 41.414902ms for audio thread.
